2018-01-03 14:18:50,615 - BrowserEngine - INFO - You had select Firefox browser.
2018-01-03 14:18:50,615 - BrowserEngine - INFO - The test server url is: http://localhost:8090/#/login?ehr
2018-01-03 14:18:54,811 - BrowserEngine - INFO - Starting firefox browser.
2018-01-03 14:18:55,430 - BrowserEngine - INFO - Open url: http://localhost:8090/#/login?ehr
2018-01-03 14:18:55,450 - BrowserEngine - INFO - Maximize the current window
2018-01-03 14:18:55,460 - BrowserEngine - INFO - Set implicitly wait 10 seconds.
2018-01-03 14:18:55,490 - BasePage - INFO - Had find the element '  ' successful by xpath via value: .//*[@id='app']/div/div[2]/form/div[1]/div/div[1]/input 
2018-01-03 14:18:55,571 - BasePage - INFO - Had type ' liliuyang ' in inputBox
2018-01-03 14:18:55,591 - BasePage - INFO - Had find the element '  ' successful by xpath via value: .//*[@id='app']/div/div[2]/form/div[2]/div/div[1]/input 
2018-01-03 14:18:55,621 - BasePage - INFO - Had type ' 888888 ' in inputBox
2018-01-03 14:18:55,651 - BasePage - INFO - Had find the element ' 登 录 ' successful by xpath via value: .//*[@id='app']/div/div[2]/form/div[3]/button 
2018-01-03 14:18:55,881 - BasePage - INFO - The element ' 登 录 ' was clicked.
2018-01-03 14:19:01,441 - BasePage - INFO - Had find the element ' 人员组织管理 ' successful by xpath via value: .//*[@id='app']/div/div[2]/ul/li[3]/div 
2018-01-03 14:19:01,691 - BasePage - INFO - The element ' 人员组织管理 ' was clicked.
2018-01-03 14:19:02,062 - BasePage - INFO - Had find the element ' 组织架构 ' successful by xpath via value: .//*[@id='app']/div/div[2]/ul/li[3]/ul/li[3] 
2018-01-03 14:19:02,641 - BasePage - INFO - The element ' 组织架构 ' was clicked.
2018-01-03 14:19:02,911 - BasePage - INFO - Had find the element '  ' successful by xpath via value: .//*[@id='tab-GS'] 
2018-01-03 14:19:03,151 - BasePage - INFO - The element ' 国盛天丰 ' was clicked.
2018-01-03 14:19:03,161 - BasePage - INFO - Had find the element ' 财务部 ' successful by xpath via value: .//*[@id='pane-GS']/div/div[1]/div/span[2]/span[1]/span 
2018-01-03 14:19:03,421 - BasePage - INFO - The element ' 财务部 ' was clicked.
2018-01-03 14:19:03,441 - BasePage - INFO - Had find the element '  ' successful by xpath via value: .//*[@id='pane-GS']/div/div[1]/div/span[2]/span[2]/i 
2018-01-03 14:19:03,671 - BasePage - INFO - The element '  ' was clicked.
2018-01-03 14:19:03,691 - BasePage - INFO - Had find the element '  ' successful by xpath via value: .//*[@id='app']/div/div[3]/div/div[2]/div[2]/div[2]/div/form/div[1]/div/div/input 
2018-01-03 14:19:03,721 - BasePage - INFO - Had type ' 财务部111 ' in inputBox
2018-01-03 14:19:03,742 - BasePage - INFO - Had find the element '  ' successful by xpath via value: .//*[@id='app']/div/div[3]/div/div[2]/div[2]/div[2]/div/form/div[3]/div/div/div[2]/input 
2018-01-03 14:19:03,973 - BasePage - INFO - The element '  ' was clicked.
2018-01-03 14:19:14,104 - BasePage - INFO - Had take screenshot and save to folder: /screenshots
