2018-01-17 10:10:36,878 - BrowserEngine - INFO - You had select Firefox browser.
2018-01-17 10:10:36,878 - BrowserEngine - INFO - The test server url is: http://ehrtest.source3g.com/auth//#/login?ehr
2018-01-17 10:10:41,073 - BrowserEngine - INFO - Starting firefox browser.
2018-01-17 10:10:45,963 - BrowserEngine - INFO - Open url: http://ehrtest.source3g.com/auth//#/login?ehr
2018-01-17 10:10:46,017 - BrowserEngine - INFO - Maximize the current window
2018-01-17 10:10:46,023 - BrowserEngine - INFO - Set implicitly wait 10 seconds.
2018-01-17 10:10:46,065 - BasePage - INFO - Had find the element '  ' successful by xpath via value: .//*[@id='app']/div/div[2]/form/div[1]/div/div[1]/input 
2018-01-17 10:10:46,065 - BasePage - INFO - Had find the element '  ' successful by xpath via value: .//*[@id='app']/div/div[2]/form/div[1]/div/div[1]/input 
2018-01-17 10:10:46,107 - BasePage - INFO - Had type ' liliuyang ' in inputBox
2018-01-17 10:10:46,107 - BasePage - INFO - Had type ' liliuyang ' in inputBox
2018-01-17 10:10:46,129 - BasePage - INFO - Had find the element '  ' successful by xpath via value: .//*[@id='app']/div/div[2]/form/div[2]/div/div[1]/input 
2018-01-17 10:10:46,129 - BasePage - INFO - Had find the element '  ' successful by xpath via value: .//*[@id='app']/div/div[2]/form/div[2]/div/div[1]/input 
2018-01-17 10:10:46,162 - BasePage - INFO - Had type ' 888888 ' in inputBox
2018-01-17 10:10:46,162 - BasePage - INFO - Had type ' 888888 ' in inputBox
2018-01-17 10:10:46,182 - BasePage - INFO - Had find the element ' 登 录 ' successful by xpath via value: .//*[@id='app']/div/div[2]/form/div[3]/button 
2018-01-17 10:10:46,182 - BasePage - INFO - Had find the element ' 登 录 ' successful by xpath via value: .//*[@id='app']/div/div[2]/form/div[3]/button 
2018-01-17 10:10:46,417 - BasePage - INFO - The element ' 登 录 ' was clicked.
2018-01-17 10:10:46,417 - BasePage - INFO - The element ' 登 录 ' was clicked.
2018-01-17 10:10:51,121 - BasePage - INFO - Had find the element ' 人员组织管理 ' successful by xpath via value: .//*[@id='app']/div/div[2]/ul/li[4]/div 
2018-01-17 10:10:51,121 - BasePage - INFO - Had find the element ' 人员组织管理 ' successful by xpath via value: .//*[@id='app']/div/div[2]/ul/li[4]/div 
2018-01-17 10:10:51,654 - BasePage - INFO - The element ' 人员组织管理 ' was clicked.
2018-01-17 10:10:51,654 - BasePage - INFO - The element ' 人员组织管理 ' was clicked.
2018-01-17 10:10:54,023 - BasePage - INFO - Had find the element ' 花名册导入 ' successful by xpath via value: .//*[@id='app']/div/div[2]/ul/li[4]/ul/li[1] 
2018-01-17 10:10:54,023 - BasePage - INFO - Had find the element ' 花名册导入 ' successful by xpath via value: .//*[@id='app']/div/div[2]/ul/li[4]/ul/li[1] 
2018-01-17 10:10:54,561 - BasePage - INFO - The element ' 花名册导入 ' was clicked.
2018-01-17 10:10:54,561 - BasePage - INFO - The element ' 花名册导入 ' was clicked.
2018-01-17 10:10:55,257 - BasePage - INFO - Had find the element ' 点击 ' successful by xpath via value: .//*[@id='app']/div/div[3]/div/div[2]/div[2]/a 
2018-01-17 10:10:55,257 - BasePage - INFO - Had find the element ' 点击 ' successful by xpath via value: .//*[@id='app']/div/div[3]/div/div[2]/div[2]/a 
2018-01-17 10:11:00,519 - BasePage - INFO - The element ' 点击 ' was clicked.
2018-01-17 10:11:00,519 - BasePage - INFO - The element ' 点击 ' was clicked.
