2018-01-03 14:01:21,959 - BrowserEngine - INFO - You had select Firefox browser.
2018-01-03 14:01:21,959 - BrowserEngine - INFO - The test server url is: http://localhost:8090/#/login?ehr
2018-01-03 14:01:26,230 - BrowserEngine - INFO - Starting firefox browser.
2018-01-03 14:01:26,871 - BrowserEngine - INFO - Open url: http://localhost:8090/#/login?ehr
2018-01-03 14:01:26,901 - BrowserEngine - INFO - Maximize the current window
2018-01-03 14:01:26,911 - BrowserEngine - INFO - Set implicitly wait 10 seconds.
2018-01-03 14:01:26,950 - BasePage - INFO - Had find the element '  ' successful by xpath via value: .//*[@id='app']/div/div[2]/form/div[1]/div/div[1]/input 
2018-01-03 14:01:26,990 - BasePage - INFO - Had type ' liliuyang ' in inputBox
2018-01-03 14:01:27,010 - BasePage - INFO - Had find the element '  ' successful by xpath via value: .//*[@id='app']/div/div[2]/form/div[2]/div/div[1]/input 
2018-01-03 14:01:27,051 - BasePage - INFO - Had type ' 888888 ' in inputBox
2018-01-03 14:01:27,071 - BasePage - INFO - Had find the element ' 登 录 ' successful by xpath via value: .//*[@id='app']/div/div[2]/form/div[3]/button 
2018-01-03 14:01:27,331 - BasePage - INFO - The element ' 登 录 ' was clicked.
2018-01-03 14:01:32,608 - BasePage - INFO - Had find the element ' 人员组织管理 ' successful by xpath via value: .//*[@id='app']/div/div[2]/ul/li[3]/div 
2018-01-03 14:01:33,219 - BasePage - INFO - The element ' 人员组织管理 ' was clicked.
2018-01-03 14:01:33,289 - BasePage - INFO - Had find the element ' 组织架构 ' successful by xpath via value: .//*[@id='app']/div/div[2]/ul/li[3]/ul/li[3] 
2018-01-03 14:01:33,858 - BasePage - INFO - The element ' 组织架构 ' was clicked.
2018-01-03 14:01:34,198 - BasePage - INFO - Had find the element ' 国盛天丰 ' successful by xpath via value: .//*[@id='tab-GS'] 
2018-01-03 14:01:34,440 - BasePage - INFO - The element ' 国盛天丰 ' was clicked.
2018-01-03 14:01:34,480 - BasePage - INFO - Had find the element ' 财务部 ' successful by xpath via value: .//*[@id='pane-GS']/div/div[1]/div/span[2]/span[1]/span 
2018-01-03 14:01:34,730 - BasePage - INFO - The element ' 财务部 ' was clicked.
2018-01-03 14:01:34,750 - BasePage - INFO - Had find the element '  ' successful by xpath via value: .//*[@id='pane-GS']/div/div[1]/div/span[2]/span[2]/i 
2018-01-03 14:01:34,980 - BasePage - INFO - The element '  ' was clicked.
2018-01-03 14:01:35,000 - BasePage - INFO - Had find the element '  ' successful by xpath via value: .//*[@id='app']/div/div[3]/div/div[2]/div[2]/div[2]/div/form/div[1]/div/div/input 
2018-01-03 14:01:35,019 - BasePage - INFO - Had type ' 财务部111 ' in inputBox
2018-01-03 14:01:35,049 - BasePage - INFO - Had find the element '  ' successful by xpath via value: .//*[@id='app']/div/div[3]/div/div[2]/div[2]/div[2]/div/form/div[2]/div/div/div[1]/input 
2018-01-03 14:01:35,309 - BasePage - INFO - The element '  ' was clicked.
2018-01-03 14:01:35,950 - BasePage - INFO - Had find the element ' 国盛天丰 ' successful by xpath via value: html/body/div[2]/div[1]/div[1]/ul/li[2]/span 
2018-01-03 14:01:36,180 - BasePage - INFO - The element ' 国盛天丰 ' was clicked.
2018-01-03 14:01:36,200 - BasePage - INFO - Had find the element '  ' successful by xpath via value: .//*[@id='app']/div/div[3]/div/div[2]/div[2]/div[2]/div/form/div[3]/div/div/div[1]/span/span/i 
