2018-01-08 11:12:15,440 - BrowserEngine - INFO - You had select Firefox browser.
2018-01-08 11:12:15,440 - BrowserEngine - INFO - The test server url is: http://localhost:8090/#/login?ehr
2018-01-08 11:12:19,684 - BrowserEngine - INFO - Starting firefox browser.
2018-01-08 11:12:20,335 - BrowserEngine - INFO - Open url: http://localhost:8090/#/login?ehr
2018-01-08 11:12:20,358 - BrowserEngine - INFO - Maximize the current window
2018-01-08 11:12:20,365 - BrowserEngine - INFO - Set implicitly wait 10 seconds.
2018-01-08 11:12:20,413 - BasePage - INFO - Had find the element '  ' successful by xpath via value: .//*[@id='app']/div/div[2]/form/div[1]/div/div[1]/input 
2018-01-08 11:12:20,413 - BasePage - INFO - Had find the element '  ' successful by xpath via value: .//*[@id='app']/div/div[2]/form/div[1]/div/div[1]/input 
2018-01-08 11:12:20,452 - BasePage - INFO - Had type ' liliuyang ' in inputBox
2018-01-08 11:12:20,452 - BasePage - INFO - Had type ' liliuyang ' in inputBox
2018-01-08 11:12:20,476 - BasePage - INFO - Had find the element '  ' successful by xpath via value: .//*[@id='app']/div/div[2]/form/div[2]/div/div[1]/input 
2018-01-08 11:12:20,476 - BasePage - INFO - Had find the element '  ' successful by xpath via value: .//*[@id='app']/div/div[2]/form/div[2]/div/div[1]/input 
2018-01-08 11:12:20,509 - BasePage - INFO - Had type ' 888888 ' in inputBox
2018-01-08 11:12:20,509 - BasePage - INFO - Had type ' 888888 ' in inputBox
2018-01-08 11:12:20,528 - BasePage - INFO - Had find the element ' 登 录 ' successful by xpath via value: .//*[@id='app']/div/div[2]/form/div[3]/button 
2018-01-08 11:12:20,528 - BasePage - INFO - Had find the element ' 登 录 ' successful by xpath via value: .//*[@id='app']/div/div[2]/form/div[3]/button 
2018-01-08 11:12:20,764 - BasePage - INFO - The element ' 登 录 ' was clicked.
2018-01-08 11:12:20,764 - BasePage - INFO - The element ' 登 录 ' was clicked.
2018-01-08 11:12:23,100 - BasePage - INFO - Had find the element ' 人员组织管理 ' successful by xpath via value: .//*[@id='app']/div/div[2]/ul/li[4]/div 
2018-01-08 11:12:23,100 - BasePage - INFO - Had find the element ' 人员组织管理 ' successful by xpath via value: .//*[@id='app']/div/div[2]/ul/li[4]/div 
2018-01-08 11:12:23,701 - BasePage - INFO - The element ' 人员组织管理 ' was clicked.
2018-01-08 11:12:23,701 - BasePage - INFO - The element ' 人员组织管理 ' was clicked.
2018-01-08 11:12:23,767 - BasePage - INFO - Had find the element ' 花名册导入 ' successful by xpath via value: .//*[@id='app']/div/div[2]/ul/li[4]/ul/li[1] 
2018-01-08 11:12:23,767 - BasePage - INFO - Had find the element ' 花名册导入 ' successful by xpath via value: .//*[@id='app']/div/div[2]/ul/li[4]/ul/li[1] 
2018-01-08 11:12:24,385 - BasePage - INFO - The element ' 花名册导入 ' was clicked.
2018-01-08 11:12:24,385 - BasePage - INFO - The element ' 花名册导入 ' was clicked.
2018-01-08 11:12:24,418 - BasePage - INFO - Had find the element ' 点击 ' successful by xpath via value: .//*[@id='app']/div/div[3]/div/div[2]/div[2]/a 
2018-01-08 11:12:24,418 - BasePage - INFO - Had find the element ' 点击 ' successful by xpath via value: .//*[@id='app']/div/div[3]/div/div[2]/div[2]/a 
2018-01-08 11:12:29,660 - BasePage - INFO - The element ' 点击 ' was clicked.
2018-01-08 11:12:29,660 - BasePage - INFO - The element ' 点击 ' was clicked.
2018-01-08 11:12:29,673 - BasePage - INFO - nrows 4
2018-01-08 11:12:29,673 - BasePage - INFO - nrows 4
2018-01-08 11:12:29,673 - BasePage - INFO - nrows 4
2018-01-08 11:12:29,673 - BasePage - INFO - nrows 4
2018-01-08 11:12:29,673 - BasePage - INFO - nrows 4
2018-01-08 11:12:29,673 - BasePage - INFO - nrows 4
2018-01-08 11:12:29,673 - BasePage - INFO - nrows 4
2018-01-08 11:12:29,673 - BasePage - INFO - nrows 4
