2018-01-03 14:54:51,967 - BrowserEngine - INFO - You had select Firefox browser.
2018-01-03 14:54:51,967 - BrowserEngine - INFO - The test server url is: http://localhost:8090/#/login?ehr
2018-01-03 14:54:56,154 - BrowserEngine - INFO - Starting firefox browser.
2018-01-03 14:54:56,838 - BrowserEngine - INFO - Open url: http://localhost:8090/#/login?ehr
2018-01-03 14:54:56,858 - BrowserEngine - INFO - Maximize the current window
2018-01-03 14:54:56,858 - BrowserEngine - INFO - Set implicitly wait 10 seconds.
2018-01-03 14:54:56,908 - BasePage - INFO - Had find the element '  ' successful by xpath via value: .//*[@id='app']/div/div[2]/form/div[1]/div/div[1]/input 
2018-01-03 14:54:56,959 - BasePage - INFO - Had type ' liliuyang ' in inputBox
2018-01-03 14:54:56,979 - BasePage - INFO - Had find the element '  ' successful by xpath via value: .//*[@id='app']/div/div[2]/form/div[2]/div/div[1]/input 
2018-01-03 14:54:57,019 - BasePage - INFO - Had type ' 888888 ' in inputBox
2018-01-03 14:54:57,029 - BasePage - INFO - Had find the element ' 登 录 ' successful by xpath via value: .//*[@id='app']/div/div[2]/form/div[3]/button 
2018-01-03 14:54:57,289 - BasePage - INFO - The element ' 登 录 ' was clicked.
2018-01-03 14:55:01,900 - BasePage - INFO - Had find the element ' 人员组织管理 ' successful by xpath via value: .//*[@id='app']/div/div[2]/ul/li[3]/div 
2018-01-03 14:55:02,519 - BasePage - INFO - The element ' 人员组织管理 ' was clicked.
2018-01-03 14:55:02,579 - BasePage - INFO - Had find the element ' 组织架构 ' successful by xpath via value: .//*[@id='app']/div/div[2]/ul/li[3]/ul/li[3] 
2018-01-03 14:55:03,269 - BasePage - INFO - The element ' 组织架构 ' was clicked.
2018-01-03 14:55:03,299 - BasePage - INFO - Had find the element ' 国盛天丰 ' successful by xpath via value: .//*[@id='tab-GS'] 
2018-01-03 14:55:03,549 - BasePage - INFO - The element ' 国盛天丰 ' was clicked.
2018-01-03 14:55:03,559 - BasePage - INFO - Had find the element ' 财务部 ' successful by xpath via value: .//*[@id='pane-GS']/div/div[1]/div/span[2]/span[1]/span 
2018-01-03 14:55:03,809 - BasePage - INFO - The element ' 财务部 ' was clicked.
2018-01-03 14:55:03,839 - BasePage - INFO - Had find the element '  ' successful by xpath via value: .//*[@id='pane-GS']/div/div[1]/div/span[2]/span[2]/i 
2018-01-03 14:55:04,079 - BasePage - INFO - The element '  ' was clicked.
2018-01-03 14:55:04,099 - BasePage - INFO - Had find the element '  ' successful by xpath via value: .//*[@id='app']/div/div[3]/div/div[2]/div[2]/div[2]/div/form/div[1]/div/div/input 
2018-01-03 14:55:04,119 - BasePage - INFO - Had type ' 商务部测试 ' in inputBox
2018-01-03 14:55:04,150 - BasePage - INFO - Had find the element '  ' successful by xpath via value: .//*[@id='app']/div/div[3]/div/div[2]/div[2]/div[2]/div/form/div[2]/div/div/div[1]/span/span/i 
2018-01-03 14:55:04,380 - BasePage - INFO - The element '  ' was clicked.
