2018-01-02 15:42:19,997 - BrowserEngine - INFO - You had select Firefox browser.
2018-01-02 15:42:19,997 - BrowserEngine - INFO - The test server url is: http://localhost:8090/#/login?ehr
2018-01-02 15:42:24,392 - BrowserEngine - INFO - Starting firefox browser.
2018-01-02 15:42:25,026 - BrowserEngine - INFO - Open url: http://localhost:8090/#/login?ehr
2018-01-02 15:42:25,046 - BrowserEngine - INFO - Maximize the current window
2018-01-02 15:42:25,055 - BrowserEngine - INFO - Set implicitly wait 10 seconds.
2018-01-02 15:42:25,105 - BasePage - INFO - Had find the element '  ' successful by xpath via value: .//*[@id='app']/div/div[2]/form/div[1]/div/div[1]/input 
2018-01-02 15:42:25,145 - BasePage - INFO - Had type ' liliuyang ' in inputBox
2018-01-02 15:42:25,165 - BasePage - INFO - Had find the element '  ' successful by xpath via value: .//*[@id='app']/div/div[2]/form/div[2]/div/div[1]/input 
2018-01-02 15:42:25,196 - BasePage - INFO - Had type ' 888888 ' in inputBox
2018-01-02 15:42:25,216 - BasePage - INFO - Had find the element ' 登 录 ' successful by xpath via value: .//*[@id='app']/div/div[2]/form/div[3]/button 
2018-01-02 15:42:25,476 - BasePage - INFO - The element ' 登 录 ' was clicked.
2018-01-02 15:42:26,776 - BasePage - INFO - Had find the element ' 人员组织管理 ' successful by xpath via value: .//*[@id='app']/div/div[2]/ul/li[3]/div 
2018-01-02 15:42:27,377 - BasePage - INFO - The element ' 人员组织管理 ' was clicked.
2018-01-02 15:42:27,484 - BasePage - INFO - Had find the element ' 组织架构 ' successful by xpath via value: .//*[@id='app']/div/div[2]/ul/li[3]/ul/li[3] 
2018-01-02 15:42:28,165 - BasePage - INFO - The element ' 组织架构 ' was clicked.
2018-01-02 15:42:28,176 - BasePage - INFO - Had find the element ' 国盛天丰 ' successful by xpath via value: .//*[@id='tab-GS'] 
2018-01-02 15:42:28,434 - BasePage - INFO - The element ' 国盛天丰 ' was clicked.
2018-01-02 15:42:28,446 - BasePage - INFO - Had find the element ' 财务部 ' successful by xpath via value: .//*[@id='pane-GS']/div/div[1]/div/span[2]/span[1]/span 
2018-01-02 15:42:28,674 - BasePage - INFO - The element ' 财务部 ' was clicked.
2018-01-02 15:42:28,694 - BasePage - INFO - Had find the element '  ' successful by xpath via value: .//*[@id='pane-GS']/div/div[1]/div/span[2]/span[2]/i 
2018-01-02 15:42:28,920 - BasePage - INFO - The element '  ' was clicked.
2018-01-02 15:42:28,930 - BasePage - INFO - Had find the element '  ' successful by xpath via value: .//*[@id='app']/div/div[3]/div/div[2]/div[2]/div[2]/div/form/div[1]/div/div/input 
2018-01-02 15:42:28,959 - BasePage - INFO - Had type ' 财务部111 ' in inputBox
2018-01-02 15:42:28,989 - BasePage - INFO - Had find the element '  ' successful by xpath via value: .//*[@id='app']/div/div[3]/div/div[2]/div[2]/div[2]/div/form/div[2]/div/div/div[1]/input 
2018-01-02 15:42:29,246 - BasePage - INFO - The element '  ' was clicked.
2018-01-02 15:42:29,717 - BasePage - INFO - Had find the element ' 国盛天丰 ' successful by xpath via value: html/body/div[2]/div[1]/div[1]/ul/li[2]/span 
2018-01-02 15:42:29,943 - BasePage - INFO - The element ' 国盛天丰 ' was clicked.
2018-01-02 15:42:29,963 - BasePage - INFO - Had find the element '  ' successful by xpath via value: .//*[@id='app']/div/div[3]/div/div[2]/div[2]/div[2]/div/form/div[3]/div/div/div[1]/span/span/i 
