2018-01-17 10:30:18,008 - BrowserEngine - INFO - You had select Firefox browser.
2018-01-17 10:30:18,009 - BrowserEngine - INFO - The test server url is: http://ehrtest.source3g.com/auth//#/login?ehr
2018-01-17 10:30:22,210 - BrowserEngine - INFO - Starting firefox browser.
2018-01-17 10:30:27,466 - BrowserEngine - INFO - Open url: http://ehrtest.source3g.com/auth//#/login?ehr
2018-01-17 10:30:27,493 - BrowserEngine - INFO - Maximize the current window
2018-01-17 10:30:27,498 - BrowserEngine - INFO - Set implicitly wait 10 seconds.
2018-01-17 10:30:27,538 - BasePage - INFO - Had find the element '  ' successful by xpath via value: .//*[@id='app']/div/div[2]/form/div[1]/div/div[1]/input 
2018-01-17 10:30:27,538 - BasePage - INFO - Had find the element '  ' successful by xpath via value: .//*[@id='app']/div/div[2]/form/div[1]/div/div[1]/input 
2018-01-17 10:30:27,584 - BasePage - INFO - Had type ' liliuyang ' in inputBox
2018-01-17 10:30:27,584 - BasePage - INFO - Had type ' liliuyang ' in inputBox
2018-01-17 10:30:27,608 - BasePage - INFO - Had find the element '  ' successful by xpath via value: .//*[@id='app']/div/div[2]/form/div[2]/div/div[1]/input 
2018-01-17 10:30:27,608 - BasePage - INFO - Had find the element '  ' successful by xpath via value: .//*[@id='app']/div/div[2]/form/div[2]/div/div[1]/input 
2018-01-17 10:30:27,642 - BasePage - INFO - Had type ' 888888 ' in inputBox
2018-01-17 10:30:27,642 - BasePage - INFO - Had type ' 888888 ' in inputBox
2018-01-17 10:30:27,661 - BasePage - INFO - Had find the element ' 登 录 ' successful by xpath via value: .//*[@id='app']/div/div[2]/form/div[3]/button 
2018-01-17 10:30:27,661 - BasePage - INFO - Had find the element ' 登 录 ' successful by xpath via value: .//*[@id='app']/div/div[2]/form/div[3]/button 
2018-01-17 10:30:27,922 - BasePage - INFO - The element ' 登 录 ' was clicked.
2018-01-17 10:30:27,922 - BasePage - INFO - The element ' 登 录 ' was clicked.
2018-01-17 10:30:39,982 - BasePage - INFO - Had find the element ' 人员组织管理 ' successful by xpath via value: .//*[@id='app']/div/div[2]/ul/li[4]/div 
2018-01-17 10:30:39,982 - BasePage - INFO - Had find the element ' 人员组织管理 ' successful by xpath via value: .//*[@id='app']/div/div[2]/ul/li[4]/div 
2018-01-17 10:30:40,221 - BasePage - INFO - The element ' 人员组织管理 ' was clicked.
2018-01-17 10:30:40,221 - BasePage - INFO - The element ' 人员组织管理 ' was clicked.
2018-01-17 10:30:41,578 - BasePage - INFO - Had find the element ' 花名册导入 ' successful by xpath via value: .//*[@id='app']/div/div[2]/ul/li[4]/ul/li[1] 
2018-01-17 10:30:41,578 - BasePage - INFO - Had find the element ' 花名册导入 ' successful by xpath via value: .//*[@id='app']/div/div[2]/ul/li[4]/ul/li[1] 
2018-01-17 10:30:42,141 - BasePage - INFO - The element ' 花名册导入 ' was clicked.
2018-01-17 10:30:42,141 - BasePage - INFO - The element ' 花名册导入 ' was clicked.
2018-01-17 10:30:44,074 - BasePage - INFO - Had find the element ' 点击 ' successful by xpath via value: .//*[@id='app']/div/div[3]/div/div[2]/div[2]/a 
2018-01-17 10:30:44,074 - BasePage - INFO - Had find the element ' 点击 ' successful by xpath via value: .//*[@id='app']/div/div[3]/div/div[2]/div[2]/a 
2018-01-17 10:30:49,340 - BasePage - INFO - The element ' 点击 ' was clicked.
2018-01-17 10:30:49,340 - BasePage - INFO - The element ' 点击 ' was clicked.
