2018-01-17 10:51:49,386 - BrowserEngine - INFO - You had select Firefox browser.
2018-01-17 10:51:49,386 - BrowserEngine - INFO - The test server url is: http://ehrtest.source3g.com/auth//#/login?ehr
2018-01-17 10:51:53,609 - BrowserEngine - INFO - Starting firefox browser.
2018-01-17 10:51:58,722 - BrowserEngine - INFO - Open url: http://ehrtest.source3g.com/auth//#/login?ehr
2018-01-17 10:51:58,754 - BrowserEngine - INFO - Maximize the current window
2018-01-17 10:51:58,759 - BrowserEngine - INFO - Set implicitly wait 10 seconds.
2018-01-17 10:51:58,803 - BasePage - INFO - Had find the element '  ' successful by xpath via value: .//*[@id='app']/div/div[2]/form/div[1]/div/div[1]/input 
2018-01-17 10:51:58,803 - BasePage - INFO - Had find the element '  ' successful by xpath via value: .//*[@id='app']/div/div[2]/form/div[1]/div/div[1]/input 
2018-01-17 10:51:58,846 - BasePage - INFO - Had type ' liliuyang ' in inputBox
2018-01-17 10:51:58,846 - BasePage - INFO - Had type ' liliuyang ' in inputBox
2018-01-17 10:51:58,873 - BasePage - INFO - Had find the element '  ' successful by xpath via value: .//*[@id='app']/div/div[2]/form/div[2]/div/div[1]/input 
2018-01-17 10:51:58,873 - BasePage - INFO - Had find the element '  ' successful by xpath via value: .//*[@id='app']/div/div[2]/form/div[2]/div/div[1]/input 
2018-01-17 10:51:58,907 - BasePage - INFO - Had type ' 888888 ' in inputBox
2018-01-17 10:51:58,907 - BasePage - INFO - Had type ' 888888 ' in inputBox
2018-01-17 10:51:58,925 - BasePage - INFO - Had find the element ' 登 录 ' successful by xpath via value: .//*[@id='app']/div/div[2]/form/div[3]/button 
2018-01-17 10:51:58,925 - BasePage - INFO - Had find the element ' 登 录 ' successful by xpath via value: .//*[@id='app']/div/div[2]/form/div[3]/button 
2018-01-17 10:51:59,166 - BasePage - INFO - The element ' 登 录 ' was clicked.
2018-01-17 10:51:59,166 - BasePage - INFO - The element ' 登 录 ' was clicked.
2018-01-17 10:52:03,950 - BasePage - INFO - Had find the element ' 人员组织管理 ' successful by xpath via value: .//*[@id='app']/div/div[2]/ul/li[4]/div 
2018-01-17 10:52:03,950 - BasePage - INFO - Had find the element ' 人员组织管理 ' successful by xpath via value: .//*[@id='app']/div/div[2]/ul/li[4]/div 
2018-01-17 10:52:04,506 - BasePage - INFO - The element ' 人员组织管理 ' was clicked.
2018-01-17 10:52:04,506 - BasePage - INFO - The element ' 人员组织管理 ' was clicked.
2018-01-17 10:52:04,609 - BasePage - INFO - Had find the element ' 花名册导入 ' successful by xpath via value: .//*[@id='app']/div/div[2]/ul/li[4]/ul/li[1] 
2018-01-17 10:52:04,609 - BasePage - INFO - Had find the element ' 花名册导入 ' successful by xpath via value: .//*[@id='app']/div/div[2]/ul/li[4]/ul/li[1] 
2018-01-17 10:52:05,685 - BasePage - INFO - The element ' 花名册导入 ' was clicked.
2018-01-17 10:52:05,685 - BasePage - INFO - The element ' 花名册导入 ' was clicked.
