2018-01-09 16:50:06,918 - BrowserEngine - INFO - You had select Firefox browser.
2018-01-09 16:50:06,918 - BrowserEngine - INFO - The test server url is: http://localhost:8090/#/login?ehr
2018-01-09 16:50:12,430 - BrowserEngine - INFO - Starting firefox browser.
2018-01-09 16:50:13,134 - BrowserEngine - INFO - Open url: http://localhost:8090/#/login?ehr
2018-01-09 16:50:13,159 - BrowserEngine - INFO - Maximize the current window
2018-01-09 16:50:13,167 - BrowserEngine - INFO - Set implicitly wait 10 seconds.
2018-01-09 16:50:13,214 - BasePage - INFO - Had find the element '  ' successful by xpath via value: .//*[@id='app']/div/div[2]/form/div[1]/div/div[1]/input 
2018-01-09 16:50:13,214 - BasePage - INFO - Had find the element '  ' successful by xpath via value: .//*[@id='app']/div/div[2]/form/div[1]/div/div[1]/input 
2018-01-09 16:50:13,257 - BasePage - INFO - Had type ' liliuyang ' in inputBox
2018-01-09 16:50:13,257 - BasePage - INFO - Had type ' liliuyang ' in inputBox
2018-01-09 16:50:13,281 - BasePage - INFO - Had find the element '  ' successful by xpath via value: .//*[@id='app']/div/div[2]/form/div[2]/div/div[1]/input 
2018-01-09 16:50:13,281 - BasePage - INFO - Had find the element '  ' successful by xpath via value: .//*[@id='app']/div/div[2]/form/div[2]/div/div[1]/input 
2018-01-09 16:50:13,314 - BasePage - INFO - Had type ' 888888 ' in inputBox
2018-01-09 16:50:13,314 - BasePage - INFO - Had type ' 888888 ' in inputBox
2018-01-09 16:50:13,332 - BasePage - INFO - Had find the element ' 登 录 ' successful by xpath via value: .//*[@id='app']/div/div[2]/form/div[3]/button 
2018-01-09 16:50:13,332 - BasePage - INFO - Had find the element ' 登 录 ' successful by xpath via value: .//*[@id='app']/div/div[2]/form/div[3]/button 
2018-01-09 16:50:13,583 - BasePage - INFO - The element ' 登 录 ' was clicked.
2018-01-09 16:50:13,583 - BasePage - INFO - The element ' 登 录 ' was clicked.
2018-01-09 16:50:14,955 - BasePage - INFO - Had find the element ' 人员组织管理 ' successful by xpath via value: .//*[@id='app']/div/div[2]/ul/li[4]/div 
2018-01-09 16:50:14,955 - BasePage - INFO - Had find the element ' 人员组织管理 ' successful by xpath via value: .//*[@id='app']/div/div[2]/ul/li[4]/div 
2018-01-09 16:50:15,188 - BasePage - INFO - The element ' 人员组织管理 ' was clicked.
2018-01-09 16:50:15,188 - BasePage - INFO - The element ' 人员组织管理 ' was clicked.
2018-01-09 16:50:15,202 - BasePage - INFO - Had find the element ' 花名册导入 ' successful by xpath via value: .//*[@id='app']/div/div[2]/ul/li[4]/ul/li[1] 
2018-01-09 16:50:15,202 - BasePage - INFO - Had find the element ' 花名册导入 ' successful by xpath via value: .//*[@id='app']/div/div[2]/ul/li[4]/ul/li[1] 
2018-01-09 16:50:16,115 - BasePage - INFO - The element ' 花名册导入 ' was clicked.
2018-01-09 16:50:16,115 - BasePage - INFO - The element ' 花名册导入 ' was clicked.
2018-01-09 16:50:16,131 - BasePage - INFO - Had find the element '  ' successful by xpath via value: .//*[@id='app']/div/div[3]/div/div[2]/div[2]/a 
2018-01-09 16:50:16,131 - BasePage - INFO - Had find the element '  ' successful by xpath via value: .//*[@id='app']/div/div[3]/div/div[2]/div[2]/a 
2018-01-09 16:50:21,361 - BasePage - INFO - The element ' 点击 ' was clicked.
2018-01-09 16:50:21,361 - BasePage - INFO - The element ' 点击 ' was clicked.
