2018-01-17 11:16:53,421 - BrowserEngine - INFO - You had select Firefox browser.
2018-01-17 11:16:53,422 - BrowserEngine - INFO - The test server url is: http://ehrtest.source3g.com/auth//#/login?ehr
2018-01-17 11:16:57,591 - BrowserEngine - INFO - Starting firefox browser.
2018-01-17 11:17:02,244 - BrowserEngine - INFO - Open url: http://ehrtest.source3g.com/auth//#/login?ehr
2018-01-17 11:17:02,274 - BrowserEngine - INFO - Maximize the current window
2018-01-17 11:17:02,279 - BrowserEngine - INFO - Set implicitly wait 10 seconds.
2018-01-17 11:17:02,326 - BasePage - INFO - Had find the element '  ' successful by xpath via value: .//*[@id='app']/div/div[2]/form/div[1]/div/div[1]/input 
2018-01-17 11:17:02,326 - BasePage - INFO - Had find the element '  ' successful by xpath via value: .//*[@id='app']/div/div[2]/form/div[1]/div/div[1]/input 
2018-01-17 11:17:02,370 - BasePage - INFO - Had type ' liliuyang ' in inputBox
2018-01-17 11:17:02,370 - BasePage - INFO - Had type ' liliuyang ' in inputBox
2018-01-17 11:17:02,394 - BasePage - INFO - Had find the element '  ' successful by xpath via value: .//*[@id='app']/div/div[2]/form/div[2]/div/div[1]/input 
2018-01-17 11:17:02,394 - BasePage - INFO - Had find the element '  ' successful by xpath via value: .//*[@id='app']/div/div[2]/form/div[2]/div/div[1]/input 
2018-01-17 11:17:02,428 - BasePage - INFO - Had type ' 888888 ' in inputBox
2018-01-17 11:17:02,428 - BasePage - INFO - Had type ' 888888 ' in inputBox
2018-01-17 11:17:02,447 - BasePage - INFO - Had find the element ' 登 录 ' successful by xpath via value: .//*[@id='app']/div/div[2]/form/div[3]/button 
2018-01-17 11:17:02,447 - BasePage - INFO - Had find the element ' 登 录 ' successful by xpath via value: .//*[@id='app']/div/div[2]/form/div[3]/button 
2018-01-17 11:17:02,680 - BasePage - INFO - The element ' 登 录 ' was clicked.
2018-01-17 11:17:02,680 - BasePage - INFO - The element ' 登 录 ' was clicked.
2018-01-17 11:17:07,445 - BasePage - INFO - Had find the element ' 人员组织管理 ' successful by xpath via value: .//*[@id='app']/div/div[2]/ul/li[4]/div 
2018-01-17 11:17:07,445 - BasePage - INFO - Had find the element ' 人员组织管理 ' successful by xpath via value: .//*[@id='app']/div/div[2]/ul/li[4]/div 
2018-01-17 11:17:08,041 - BasePage - INFO - The element ' 人员组织管理 ' was clicked.
2018-01-17 11:17:08,041 - BasePage - INFO - The element ' 人员组织管理 ' was clicked.
2018-01-17 11:17:09,613 - BasePage - INFO - Had find the element ' 花名册导入 ' successful by xpath via value: .//*[@id='app']/div/div[2]/ul/li[4]/ul/li[1] 
2018-01-17 11:17:09,613 - BasePage - INFO - Had find the element ' 花名册导入 ' successful by xpath via value: .//*[@id='app']/div/div[2]/ul/li[4]/ul/li[1] 
2018-01-17 11:17:10,415 - BasePage - INFO - The element ' 花名册导入 ' was clicked.
2018-01-17 11:17:10,415 - BasePage - INFO - The element ' 花名册导入 ' was clicked.
2018-01-17 11:17:25,203 - BasePage - INFO - Had find the element ' 点击 ' successful by xpath via value: .//*[@id='app']/div/div[3]/div/div[2]/div[2]/a 
2018-01-17 11:17:25,203 - BasePage - INFO - Had find the element ' 点击 ' successful by xpath via value: .//*[@id='app']/div/div[3]/div/div[2]/div[2]/a 
2018-01-17 11:17:30,437 - BasePage - INFO - The element ' 点击 ' was clicked.
2018-01-17 11:17:30,437 - BasePage - INFO - The element ' 点击 ' was clicked.
