2018-01-02 15:46:49,617 - BrowserEngine - INFO - You had select Firefox browser.
2018-01-02 15:46:49,617 - BrowserEngine - INFO - The test server url is: http://localhost:8090/#/login?ehr
2018-01-02 15:46:53,878 - BrowserEngine - INFO - Starting firefox browser.
2018-01-02 15:46:54,519 - BrowserEngine - INFO - Open url: http://localhost:8090/#/login?ehr
2018-01-02 15:46:54,539 - BrowserEngine - INFO - Maximize the current window
2018-01-02 15:46:54,549 - BrowserEngine - INFO - Set implicitly wait 10 seconds.
2018-01-02 15:46:54,598 - BasePage - INFO - Had find the element '  ' successful by xpath via value: .//*[@id='app']/div/div[2]/form/div[1]/div/div[1]/input 
2018-01-02 15:46:54,638 - BasePage - INFO - Had type ' liliuyang ' in inputBox
2018-01-02 15:46:54,658 - BasePage - INFO - Had find the element '  ' successful by xpath via value: .//*[@id='app']/div/div[2]/form/div[2]/div/div[1]/input 
2018-01-02 15:46:54,688 - BasePage - INFO - Had type ' 888888 ' in inputBox
2018-01-02 15:46:54,709 - BasePage - INFO - Had find the element ' 登 录 ' successful by xpath via value: .//*[@id='app']/div/div[2]/form/div[3]/button 
2018-01-02 15:46:54,948 - BasePage - INFO - The element ' 登 录 ' was clicked.
2018-01-02 15:46:57,601 - BasePage - INFO - Had find the element ' 人员组织管理 ' successful by xpath via value: .//*[@id='app']/div/div[2]/ul/li[3]/div 
2018-01-02 15:46:57,831 - BasePage - INFO - The element ' 人员组织管理 ' was clicked.
2018-01-02 15:46:58,171 - BasePage - INFO - Had find the element ' 组织架构 ' successful by xpath via value: .//*[@id='app']/div/div[2]/ul/li[3]/ul/li[3] 
2018-01-02 15:46:58,888 - BasePage - INFO - The element ' 组织架构 ' was clicked.
2018-01-02 15:46:58,898 - BasePage - INFO - Had find the element ' 国盛天丰 ' successful by xpath via value: .//*[@id='tab-GS'] 
2018-01-02 15:46:59,121 - BasePage - INFO - The element ' 国盛天丰 ' was clicked.
2018-01-02 15:46:59,132 - BasePage - INFO - Had find the element ' 财务部 ' successful by xpath via value: .//*[@id='pane-GS']/div/div[1]/div/span[2]/span[1]/span 
2018-01-02 15:46:59,365 - BasePage - INFO - The element ' 财务部 ' was clicked.
2018-01-02 15:46:59,377 - BasePage - INFO - Had find the element '  ' successful by xpath via value: .//*[@id='pane-GS']/div/div[1]/div/span[2]/span[2]/i 
2018-01-02 15:46:59,605 - BasePage - INFO - The element '  ' was clicked.
2018-01-02 15:46:59,615 - BasePage - INFO - Had find the element '  ' successful by xpath via value: .//*[@id='app']/div/div[3]/div/div[2]/div[2]/div[2]/div/form/div[1]/div/div/input 
2018-01-02 15:46:59,644 - BasePage - INFO - Had type ' 财务部111 ' in inputBox
2018-01-02 15:46:59,674 - BasePage - INFO - Had find the element '  ' successful by xpath via value: .//*[@id='app']/div/div[3]/div/div[2]/div[2]/div[2]/div/form/div[2]/div/div/div[1]/input 
2018-01-02 15:46:59,927 - BasePage - INFO - The element '  ' was clicked.
2018-01-02 15:47:00,690 - BasePage - INFO - Had find the element ' 国盛天丰 ' successful by xpath via value: html/body/div[2]/div[1]/div[1]/ul/li[2]/span 
2018-01-02 15:47:00,917 - BasePage - INFO - The element ' 国盛天丰 ' was clicked.
