2018-01-03 14:49:14,983 - BrowserEngine - INFO - You had select Firefox browser.
2018-01-03 14:49:14,983 - BrowserEngine - INFO - The test server url is: http://localhost:8090/#/login?ehr
2018-01-03 14:49:19,119 - BrowserEngine - INFO - Starting firefox browser.
2018-01-03 14:49:19,829 - BrowserEngine - INFO - Open url: http://localhost:8090/#/login?ehr
2018-01-03 14:49:19,859 - BrowserEngine - INFO - Maximize the current window
2018-01-03 14:49:19,859 - BrowserEngine - INFO - Set implicitly wait 10 seconds.
2018-01-03 14:49:19,910 - BasePage - INFO - Had find the element '  ' successful by xpath via value: .//*[@id='app']/div/div[2]/form/div[1]/div/div[1]/input 
2018-01-03 14:49:19,950 - BasePage - INFO - Had type ' liliuyang ' in inputBox
2018-01-03 14:49:19,970 - BasePage - INFO - Had find the element '  ' successful by xpath via value: .//*[@id='app']/div/div[2]/form/div[2]/div/div[1]/input 
2018-01-03 14:49:20,000 - BasePage - INFO - Had type ' 888888 ' in inputBox
2018-01-03 14:49:20,019 - BasePage - INFO - Had find the element ' 登 录 ' successful by xpath via value: .//*[@id='app']/div/div[2]/form/div[3]/button 
2018-01-03 14:49:20,250 - BasePage - INFO - The element ' 登 录 ' was clicked.
2018-01-03 14:49:24,500 - BasePage - INFO - Had find the element ' 人员组织管理 ' successful by xpath via value: .//*[@id='app']/div/div[2]/ul/li[3]/div 
2018-01-03 14:49:25,061 - BasePage - INFO - The element ' 人员组织管理 ' was clicked.
2018-01-03 14:49:25,180 - BasePage - INFO - Had find the element ' 组织架构 ' successful by xpath via value: .//*[@id='app']/div/div[2]/ul/li[3]/ul/li[3] 
2018-01-03 14:49:25,861 - BasePage - INFO - The element ' 组织架构 ' was clicked.
2018-01-03 14:49:25,881 - BasePage - INFO - Had find the element ' 国盛天丰 ' successful by xpath via value: .//*[@id='tab-GS'] 
2018-01-03 14:49:26,171 - BasePage - INFO - The element ' 国盛天丰 ' was clicked.
2018-01-03 14:49:26,180 - BasePage - INFO - Had find the element ' 财务部 ' successful by xpath via value: .//*[@id='pane-GS']/div/div[1]/div/span[2]/span[1]/span 
2018-01-03 14:49:26,421 - BasePage - INFO - The element ' 财务部 ' was clicked.
2018-01-03 14:49:26,430 - BasePage - INFO - Had find the element '  ' successful by xpath via value: .//*[@id='pane-GS']/div/div[1]/div/span[2]/span[2]/i 
2018-01-03 14:49:26,671 - BasePage - INFO - The element '  ' was clicked.
2018-01-03 14:49:26,700 - BasePage - INFO - Had find the element '  ' successful by xpath via value: .//*[@id='app']/div/div[3]/div/div[2]/div[2]/div[2]/div/form/div[1]/div/div/input 
2018-01-03 14:49:26,740 - BasePage - INFO - Had type ' 商务部测试 ' in inputBox
2018-01-03 14:49:26,770 - BasePage - INFO - Had find the element '  ' successful by xpath via value: .//*[@id='app']/div/div[3]/div/div[2]/div[2]/div[2]/div/form/div[3]/div/div/div[2]/input 
2018-01-03 14:49:27,040 - BasePage - INFO - The element '  ' was clicked.
