2018-01-03 14:58:14,417 - BrowserEngine - INFO - You had select Firefox browser.
2018-01-03 14:58:14,417 - BrowserEngine - INFO - The test server url is: http://localhost:8090/#/login?ehr
2018-01-03 14:58:19,769 - BrowserEngine - INFO - Starting firefox browser.
2018-01-03 14:58:20,440 - BrowserEngine - INFO - Open url: http://localhost:8090/#/login?ehr
2018-01-03 14:58:20,460 - BrowserEngine - INFO - Maximize the current window
2018-01-03 14:58:20,470 - BrowserEngine - INFO - Set implicitly wait 10 seconds.
2018-01-03 14:58:20,509 - BasePage - INFO - Had find the element '  ' successful by xpath via value: .//*[@id='app']/div/div[2]/form/div[1]/div/div[1]/input 
2018-01-03 14:58:20,549 - BasePage - INFO - Had type ' liliuyang ' in inputBox
2018-01-03 14:58:20,579 - BasePage - INFO - Had find the element '  ' successful by xpath via value: .//*[@id='app']/div/div[2]/form/div[2]/div/div[1]/input 
2018-01-03 14:58:20,609 - BasePage - INFO - Had type ' 888888 ' in inputBox
2018-01-03 14:58:20,630 - BasePage - INFO - Had find the element ' 登 录 ' successful by xpath via value: .//*[@id='app']/div/div[2]/form/div[3]/button 
2018-01-03 14:58:20,880 - BasePage - INFO - The element ' 登 录 ' was clicked.
2018-01-03 14:58:26,440 - BasePage - INFO - Had find the element ' 人员组织管理 ' successful by xpath via value: .//*[@id='app']/div/div[2]/ul/li[3]/div 
2018-01-03 14:58:26,700 - BasePage - INFO - The element ' 人员组织管理 ' was clicked.
2018-01-03 14:58:27,111 - BasePage - INFO - Had find the element ' 组织架构 ' successful by xpath via value: .//*[@id='app']/div/div[2]/ul/li[3]/ul/li[3] 
2018-01-03 14:58:27,651 - BasePage - INFO - The element ' 组织架构 ' was clicked.
2018-01-03 14:58:27,950 - BasePage - INFO - Had find the element '  ' successful by xpath via value: .//*[@id='tab-GS'] 
2018-01-03 14:58:28,200 - BasePage - INFO - The element ' 国盛天丰 ' was clicked.
2018-01-03 14:58:28,230 - BasePage - INFO - Had find the element ' 财务部 ' successful by xpath via value: .//*[@id='pane-GS']/div/div[1]/div/span[2]/span[1]/span 
2018-01-03 14:58:28,470 - BasePage - INFO - The element ' 财务部 ' was clicked.
2018-01-03 14:58:28,480 - BasePage - INFO - Had find the element '  ' successful by xpath via value: .//*[@id='pane-GS']/div/div[1]/div/span[2]/span[2]/i 
2018-01-03 14:58:28,710 - BasePage - INFO - The element '  ' was clicked.
2018-01-03 14:58:56,247 - BasePage - INFO - Had find the element '  ' successful by xpath via value: .//*[@id='app']/div/div[3]/div/div[2]/div[2]/div[2]/div/form/div[1]/div/div/input 
2018-01-03 14:58:58,947 - BasePage - INFO - Clear text in input box before typing.
2018-01-03 14:59:11,789 - BasePage - INFO - Had find the element '  ' successful by xpath via value: .//*[@id='app']/div/div[3]/div/div[2]/div[2]/div[2]/div/form/div[1]/div/div/input 
2018-01-03 14:59:34,394 - BasePage - INFO - Had type ' 商务部测试 ' in inputBox
2018-01-03 14:59:52,216 - BasePage - INFO - Had find the element '  ' successful by xpath via value: .//*[@id='app']/div/div[3]/div/div[2]/div[2]/div[2]/div/form/div[2]/div/div/div[1]/span/span/i 
2018-01-03 14:59:52,476 - BasePage - INFO - The element '  ' was clicked.
