2018-01-03 14:25:49,334 - BrowserEngine - INFO - You had select Firefox browser.
2018-01-03 14:25:49,334 - BrowserEngine - INFO - The test server url is: http://localhost:8090/#/login?ehr
2018-01-03 14:25:53,500 - BrowserEngine - INFO - Starting firefox browser.
2018-01-03 14:25:54,109 - BrowserEngine - INFO - Open url: http://localhost:8090/#/login?ehr
2018-01-03 14:25:54,140 - BrowserEngine - INFO - Maximize the current window
2018-01-03 14:25:54,140 - BrowserEngine - INFO - Set implicitly wait 10 seconds.
2018-01-03 14:25:54,200 - BasePage - INFO - Had find the element '  ' successful by xpath via value: .//*[@id='app']/div/div[2]/form/div[1]/div/div[1]/input 
2018-01-03 14:25:54,240 - BasePage - INFO - Had type ' liliuyang ' in inputBox
2018-01-03 14:25:54,259 - BasePage - INFO - Had find the element '  ' successful by xpath via value: .//*[@id='app']/div/div[2]/form/div[2]/div/div[1]/input 
2018-01-03 14:25:54,289 - BasePage - INFO - Had type ' 888888 ' in inputBox
2018-01-03 14:25:54,309 - BasePage - INFO - Had find the element ' 登 录 ' successful by xpath via value: .//*[@id='app']/div/div[2]/form/div[3]/button 
2018-01-03 14:25:54,569 - BasePage - INFO - The element ' 登 录 ' was clicked.
2018-01-03 14:25:58,773 - BasePage - INFO - Had find the element ' 人员组织管理 ' successful by xpath via value: .//*[@id='app']/div/div[2]/ul/li[3]/div 
2018-01-03 14:25:59,025 - BasePage - INFO - The element ' 人员组织管理 ' was clicked.
2018-01-03 14:25:59,055 - BasePage - INFO - Had find the element ' 组织架构 ' successful by xpath via value: .//*[@id='app']/div/div[2]/ul/li[3]/ul/li[3] 
2018-01-03 14:26:00,457 - BasePage - INFO - The element ' 组织架构 ' was clicked.
2018-01-03 14:26:00,476 - BasePage - INFO - Had find the element '  ' successful by xpath via value: .//*[@id='tab-GS'] 
2018-01-03 14:26:00,701 - BasePage - INFO - The element ' 国盛天丰 ' was clicked.
2018-01-03 14:26:00,716 - BasePage - INFO - Had find the element ' 财务部 ' successful by xpath via value: .//*[@id='pane-GS']/div/div[1]/div/span[2]/span[1]/span 
2018-01-03 14:26:00,946 - BasePage - INFO - The element ' 财务部 ' was clicked.
2018-01-03 14:26:00,959 - BasePage - INFO - Had find the element '  ' successful by xpath via value: .//*[@id='pane-GS']/div/div[1]/div/span[2]/span[2]/i 
2018-01-03 14:26:01,187 - BasePage - INFO - The element '  ' was clicked.
2018-01-03 14:26:01,203 - BasePage - INFO - Had find the element '  ' successful by xpath via value: .//*[@id='app']/div/div[3]/div/div[2]/div[2]/div[2]/div/form/div[1]/div/div/input 
2018-01-03 14:26:01,237 - BasePage - INFO - Had type ' 财务部111 ' in inputBox
2018-01-03 14:26:01,270 - BasePage - INFO - Had find the element '  ' successful by xpath via value: .//*[@id='app']/div/div[3]/div/div[2]/div[2]/div[2]/div/form/div[3]/div/div/div[2]/input 
2018-01-03 14:26:01,532 - BasePage - INFO - The element '  ' was clicked.
2018-01-03 14:26:11,658 - BasePage - INFO - Had take screenshot and save to folder: /screenshots
