2018-01-03 13:55:51,009 - BrowserEngine - INFO - You had select Firefox browser.
2018-01-03 13:55:51,009 - BrowserEngine - INFO - The test server url is: http://localhost:8090/#/login?ehr
2018-01-03 13:55:55,193 - BrowserEngine - INFO - Starting firefox browser.
2018-01-03 13:55:55,872 - BrowserEngine - INFO - Open url: http://localhost:8090/#/login?ehr
2018-01-03 13:55:55,903 - BrowserEngine - INFO - Maximize the current window
2018-01-03 13:55:55,903 - BrowserEngine - INFO - Set implicitly wait 10 seconds.
2018-01-03 13:55:55,953 - BasePage - INFO - Had find the element '  ' successful by xpath via value: .//*[@id='app']/div/div[2]/form/div[1]/div/div[1]/input 
2018-01-03 13:55:55,993 - BasePage - INFO - Had type ' liliuyang ' in inputBox
2018-01-03 13:55:56,013 - BasePage - INFO - Had find the element '  ' successful by xpath via value: .//*[@id='app']/div/div[2]/form/div[2]/div/div[1]/input 
2018-01-03 13:55:56,042 - BasePage - INFO - Had type ' 888888 ' in inputBox
2018-01-03 13:55:56,062 - BasePage - INFO - Had find the element ' 登 录 ' successful by xpath via value: .//*[@id='app']/div/div[2]/form/div[3]/button 
2018-01-03 13:55:56,312 - BasePage - INFO - The element ' 登 录 ' was clicked.
2018-01-03 13:56:00,323 - BasePage - INFO - Had find the element ' 人员组织管理 ' successful by xpath via value: .//*[@id='app']/div/div[2]/ul/li[3]/div 
2018-01-03 13:56:00,894 - BasePage - INFO - The element ' 人员组织管理 ' was clicked.
2018-01-03 13:56:01,013 - BasePage - INFO - Had find the element ' 组织架构 ' successful by xpath via value: .//*[@id='app']/div/div[2]/ul/li[3]/ul/li[3] 
2018-01-03 13:56:01,734 - BasePage - INFO - The element ' 组织架构 ' was clicked.
2018-01-03 13:56:01,755 - BasePage - INFO - Had find the element ' 国盛天丰 ' successful by xpath via value: .//*[@id='tab-GS'] 
2018-01-03 13:56:02,025 - BasePage - INFO - The element ' 国盛天丰 ' was clicked.
2018-01-03 13:56:02,055 - BasePage - INFO - Had find the element ' 财务部 ' successful by xpath via value: .//*[@id='pane-GS']/div/div[1]/div/span[2]/span[1]/span 
2018-01-03 13:56:02,285 - BasePage - INFO - The element ' 财务部 ' was clicked.
2018-01-03 13:56:02,295 - BasePage - INFO - Had find the element '  ' successful by xpath via value: .//*[@id='pane-GS']/div/div[1]/div/span[2]/span[2]/i 
2018-01-03 13:56:02,535 - BasePage - INFO - The element '  ' was clicked.
2018-01-03 13:56:02,555 - BasePage - INFO - Had find the element '  ' successful by xpath via value: .//*[@id='app']/div/div[3]/div/div[2]/div[2]/div[2]/div/form/div[1]/div/div/input 
2018-01-03 13:56:02,595 - BasePage - INFO - Had type ' 财务部111 ' in inputBox
2018-01-03 13:56:02,625 - BasePage - INFO - Had find the element '  ' successful by xpath via value: .//*[@id='app']/div/div[3]/div/div[2]/div[2]/div[2]/div/form/div[2]/div/div/div[1]/input 
2018-01-03 13:56:02,875 - BasePage - INFO - The element '  ' was clicked.
2018-01-03 13:56:02,894 - BasePage - INFO - Had find the element '  ' successful by xpath via value: .//*[@id='app']/div/div[3]/div/div[2]/div[2]/div[2]/div/form/div[3]/div/div/div[1]/span/span/i 
