2018-01-10 09:12:26,309 - BrowserEngine - INFO - You had select Firefox browser.
2018-01-10 09:12:26,309 - BrowserEngine - INFO - The test server url is: http://localhost:8090/#/login?ehr
2018-01-10 09:12:31,868 - BrowserEngine - INFO - Starting firefox browser.
2018-01-10 09:12:38,385 - BrowserEngine - INFO - Open url: http://localhost:8090/#/login?ehr
2018-01-10 09:12:38,405 - BrowserEngine - INFO - Maximize the current window
2018-01-10 09:12:38,415 - BrowserEngine - INFO - Set implicitly wait 10 seconds.
2018-01-10 09:12:38,445 - BasePage - INFO - Had find the element '  ' successful by xpath via value: .//*[@id='app']/div/div[2]/form/div[1]/div/div[1]/input 
2018-01-10 09:12:38,445 - BasePage - INFO - Had find the element '  ' successful by xpath via value: .//*[@id='app']/div/div[2]/form/div[1]/div/div[1]/input 
2018-01-10 09:12:38,505 - BasePage - INFO - Had type ' liliuyang ' in inputBox
2018-01-10 09:12:38,505 - BasePage - INFO - Had type ' liliuyang ' in inputBox
2018-01-10 09:12:38,535 - BasePage - INFO - Had find the element '  ' successful by xpath via value: .//*[@id='app']/div/div[2]/form/div[2]/div/div[1]/input 
2018-01-10 09:12:38,535 - BasePage - INFO - Had find the element '  ' successful by xpath via value: .//*[@id='app']/div/div[2]/form/div[2]/div/div[1]/input 
2018-01-10 09:12:38,565 - BasePage - INFO - Had type ' 888888 ' in inputBox
2018-01-10 09:12:38,565 - BasePage - INFO - Had type ' 888888 ' in inputBox
2018-01-10 09:12:38,575 - BasePage - INFO - Had find the element ' 登 录 ' successful by xpath via value: .//*[@id='app']/div/div[2]/form/div[3]/button 
2018-01-10 09:12:38,575 - BasePage - INFO - Had find the element ' 登 录 ' successful by xpath via value: .//*[@id='app']/div/div[2]/form/div[3]/button 
2018-01-10 09:12:38,825 - BasePage - INFO - The element ' 登 录 ' was clicked.
2018-01-10 09:12:38,825 - BasePage - INFO - The element ' 登 录 ' was clicked.
2018-01-10 09:12:50,127 - BasePage - INFO - Had take screenshot and save to folder: /screenshots
2018-01-10 09:12:50,127 - BasePage - INFO - Had take screenshot and save to folder: /screenshots
