2018-01-03 14:53:06,625 - BrowserEngine - INFO - You had select Firefox browser.
2018-01-03 14:53:06,625 - BrowserEngine - INFO - The test server url is: http://localhost:8090/#/login?ehr
2018-01-03 14:53:10,819 - BrowserEngine - INFO - Starting firefox browser.
2018-01-03 14:53:11,448 - BrowserEngine - INFO - Open url: http://localhost:8090/#/login?ehr
2018-01-03 14:53:11,479 - BrowserEngine - INFO - Maximize the current window
2018-01-03 14:53:11,479 - BrowserEngine - INFO - Set implicitly wait 10 seconds.
2018-01-03 14:53:11,539 - BasePage - INFO - Had find the element '  ' successful by xpath via value: .//*[@id='app']/div/div[2]/form/div[1]/div/div[1]/input 
2018-01-03 14:53:11,578 - BasePage - INFO - Had type ' liliuyang ' in inputBox
2018-01-03 14:53:11,608 - BasePage - INFO - Had find the element '  ' successful by xpath via value: .//*[@id='app']/div/div[2]/form/div[2]/div/div[1]/input 
2018-01-03 14:53:11,638 - BasePage - INFO - Had type ' 888888 ' in inputBox
2018-01-03 14:53:11,658 - BasePage - INFO - Had find the element ' 登 录 ' successful by xpath via value: .//*[@id='app']/div/div[2]/form/div[3]/button 
2018-01-03 14:53:11,918 - BasePage - INFO - The element ' 登 录 ' was clicked.
2018-01-03 14:53:16,059 - BasePage - INFO - Had find the element ' 人员组织管理 ' successful by xpath via value: .//*[@id='app']/div/div[2]/ul/li[3]/div 
2018-01-03 14:53:16,289 - BasePage - INFO - The element ' 人员组织管理 ' was clicked.
2018-01-03 14:53:16,309 - BasePage - INFO - Had find the element ' 组织架构 ' successful by xpath via value: .//*[@id='app']/div/div[2]/ul/li[3]/ul/li[3] 
2018-01-03 14:53:16,888 - BasePage - INFO - The element ' 组织架构 ' was clicked.
2018-01-03 14:53:20,410 - BasePage - INFO - Had find the element ' 国盛天丰 ' successful by xpath via value: .//*[@id='tab-GS'] 
2018-01-03 14:53:20,651 - BasePage - INFO - The element ' 国盛天丰 ' was clicked.
2018-01-03 14:53:20,661 - BasePage - INFO - Had find the element ' 财务部 ' successful by xpath via value: .//*[@id='pane-GS']/div/div[1]/div/span[2]/span[1]/span 
2018-01-03 14:53:20,901 - BasePage - INFO - The element ' 财务部 ' was clicked.
2018-01-03 14:53:20,911 - BasePage - INFO - Had find the element '  ' successful by xpath via value: .//*[@id='pane-GS']/div/div[1]/div/span[2]/span[2]/i 
2018-01-03 14:53:21,161 - BasePage - INFO - The element '  ' was clicked.
2018-01-03 14:53:21,180 - BasePage - INFO - Had find the element '  ' successful by xpath via value: .//*[@id='app']/div/div[3]/div/div[2]/div[2]/div[2]/div/form/div[1]/div/div/input 
2018-01-03 14:53:21,210 - BasePage - INFO - Had type ' 商务部测试 ' in inputBox
2018-01-03 14:53:21,240 - BasePage - INFO - Had find the element '  ' successful by xpath via value: .//*[@id='app']/div/div[3]/div/div[2]/div[2]/div[2]/div/form/div[3]/div/div/div[2]/input 
2018-01-03 14:53:21,490 - BasePage - INFO - The element '  ' was clicked.
