2018-01-02 15:06:11,631 - BrowserEngine - INFO - You had select Firefox browser.
2018-01-02 15:06:11,631 - BrowserEngine - INFO - The test server url is: http://ehrtest.source3g.com/humres/
2018-01-02 15:06:15,940 - BrowserEngine - INFO - Starting firefox browser.
2018-01-02 15:06:19,051 - BrowserEngine - INFO - Open url: http://ehrtest.source3g.com/humres/
2018-01-02 15:06:19,071 - BrowserEngine - INFO - Maximize the current window
2018-01-02 15:06:19,081 - BrowserEngine - INFO - Set implicitly wait 10 seconds.
2018-01-02 15:06:54,687 - BrowserEngine - INFO - You had select Firefox browser.
2018-01-02 15:06:54,687 - BrowserEngine - INFO - The test server url is: http://localhost:8090/#/login?ehr
2018-01-02 15:06:58,849 - BrowserEngine - INFO - Starting firefox browser.
2018-01-02 15:06:59,450 - BrowserEngine - INFO - Open url: http://localhost:8090/#/login?ehr
2018-01-02 15:06:59,470 - BrowserEngine - INFO - Maximize the current window
2018-01-02 15:06:59,480 - BrowserEngine - INFO - Set implicitly wait 10 seconds.
2018-01-02 15:06:59,529 - BasePage - INFO - Had find the element '  ' successful by xpath via value: .//*[@id='app']/div/div[2]/form/div[1]/div/div[1]/input 
2018-01-02 15:06:59,579 - BasePage - INFO - Had type ' liliuyang ' in inputBox
2018-01-02 15:06:59,599 - BasePage - INFO - Had find the element '  ' successful by xpath via value: .//*[@id='app']/div/div[2]/form/div[2]/div/div[1]/input 
2018-01-02 15:06:59,630 - BasePage - INFO - Had type ' 888888 ' in inputBox
2018-01-02 15:06:59,650 - BasePage - INFO - Had find the element ' 登 录 ' successful by xpath via value: .//*[@id='app']/div/div[2]/form/div[3]/button 
2018-01-02 15:06:59,900 - BasePage - INFO - The element ' 登 录 ' was clicked.
2018-01-02 15:07:01,161 - BasePage - INFO - Had find the element ' 人员组织管理 ' successful by xpath via value: .//*[@id='app']/div/div[2]/ul/li[3]/div 
2018-01-02 15:07:01,801 - BasePage - INFO - The element ' 人员组织管理 ' was clicked.
2018-01-02 15:07:01,881 - BasePage - INFO - Had find the element ' 组织架构 ' successful by xpath via value: .//*[@id='app']/div/div[2]/ul/li[3]/ul/li[3] 
2018-01-02 15:07:02,571 - BasePage - INFO - The element ' 组织架构 ' was clicked.
2018-01-02 15:07:02,581 - BasePage - INFO - Had find the element ' 国盛天丰 ' successful by xpath via value: .//*[@id='tab-GS'] 
2018-01-02 15:07:02,811 - BasePage - INFO - The element ' 国盛天丰 ' was clicked.
2018-01-02 15:07:02,821 - BasePage - INFO - Had find the element ' 财务部 ' successful by xpath via value: .//*[@id='pane-GS']/div/div[1]/div/span[2]/span[1]/span 
2018-01-02 15:07:03,051 - BasePage - INFO - The element ' 财务部 ' was clicked.
2018-01-02 15:07:03,081 - BasePage - INFO - Had find the element '  ' successful by xpath via value: .//*[@id='pane-GS']/div/div[1]/div/span[2]/span[2]/i 
2018-01-02 15:07:03,331 - BasePage - INFO - The element '  ' was clicked.
2018-01-02 15:07:03,341 - BasePage - INFO - Had find the element '  ' successful by xpath via value: .//*[@id='app']/div/div[3]/div/div[2]/div[2]/div[2]/div/form/div[1]/div/div/input 
2018-01-02 15:07:03,371 - BasePage - INFO - Had type ' 财务部111 ' in inputBox
2018-01-02 15:07:03,401 - BasePage - INFO - Had find the element '  ' successful by xpath via value: .//*[@id='app']/div/div[3]/div/div[2]/div[2]/div[2]/div/form/div[2]/div/div/div[1]/input 
2018-01-02 15:07:03,651 - BasePage - INFO - The element '  ' was clicked.
2018-01-02 15:07:03,950 - BasePage - INFO - Had find the element ' 国盛天丰 ' successful by xpath via value: html/body/div[2]/div[1]/div[1]/ul/li[2]/span 
2018-01-02 15:07:04,190 - BasePage - INFO - The element ' 国盛天丰 ' was clicked.
2018-01-02 15:07:04,200 - BasePage - INFO - Had find the element '  ' successful by xpath via value: .//*[@id='app']/div/div[3]/div/div[2]/div[2]/div[2]/div/form/div[3]/div/div/div[1]/span/span/i 
