2018-01-03 14:31:04,503 - BrowserEngine - INFO - You had select Firefox browser.
2018-01-03 14:31:04,503 - BrowserEngine - INFO - The test server url is: http://localhost:8090/#/login?ehr
2018-01-03 14:31:08,690 - BrowserEngine - INFO - Starting firefox browser.
2018-01-03 14:31:09,361 - BrowserEngine - INFO - Open url: http://localhost:8090/#/login?ehr
2018-01-03 14:31:09,391 - BrowserEngine - INFO - Maximize the current window
2018-01-03 14:31:09,391 - BrowserEngine - INFO - Set implicitly wait 10 seconds.
2018-01-03 14:31:09,440 - BasePage - INFO - Had find the element '  ' successful by xpath via value: .//*[@id='app']/div/div[2]/form/div[1]/div/div[1]/input 
2018-01-03 14:31:09,480 - BasePage - INFO - Had type ' liliuyang ' in inputBox
2018-01-03 14:31:09,500 - BasePage - INFO - Had find the element '  ' successful by xpath via value: .//*[@id='app']/div/div[2]/form/div[2]/div/div[1]/input 
2018-01-03 14:31:09,530 - BasePage - INFO - Had type ' 888888 ' in inputBox
2018-01-03 14:31:09,551 - BasePage - INFO - Had find the element ' 登 录 ' successful by xpath via value: .//*[@id='app']/div/div[2]/form/div[3]/button 
2018-01-03 14:31:09,801 - BasePage - INFO - The element ' 登 录 ' was clicked.
2018-01-03 14:31:14,121 - BasePage - INFO - Had find the element ' 人员组织管理 ' successful by xpath via value: .//*[@id='app']/div/div[2]/ul/li[3]/div 
2018-01-03 14:31:14,770 - BasePage - INFO - The element ' 人员组织管理 ' was clicked.
2018-01-03 14:31:14,831 - BasePage - INFO - Had find the element ' 组织架构 ' successful by xpath via value: .//*[@id='app']/div/div[2]/ul/li[3]/ul/li[3] 
2018-01-03 14:31:15,551 - BasePage - INFO - The element ' 组织架构 ' was clicked.
2018-01-03 14:31:15,571 - BasePage - INFO - Had find the element ' 国盛天丰 ' successful by xpath via value: .//*[@id='tab-GS'] 
2018-01-03 14:31:15,851 - BasePage - INFO - The element ' 国盛天丰 ' was clicked.
2018-01-03 14:31:15,891 - BasePage - INFO - Had find the element ' 财务部 ' successful by xpath via value: .//*[@id='pane-GS']/div/div[1]/div/span[2]/span[1]/span 
2018-01-03 14:31:16,121 - BasePage - INFO - The element ' 财务部 ' was clicked.
2018-01-03 14:31:16,141 - BasePage - INFO - Had find the element '  ' successful by xpath via value: .//*[@id='pane-GS']/div/div[1]/div/span[2]/span[2]/i 
2018-01-03 14:31:16,371 - BasePage - INFO - The element '  ' was clicked.
2018-01-03 14:31:16,381 - BasePage - INFO - Had find the element '  ' successful by xpath via value: .//*[@id='app']/div/div[3]/div/div[2]/div[2]/div[2]/div/form/div[1]/div/div/input 
2018-01-03 14:31:16,411 - BasePage - INFO - Had type ' 财务部111 ' in inputBox
2018-01-03 14:31:16,441 - BasePage - INFO - Had find the element '  ' successful by xpath via value: .//*[@id='app']/div/div[3]/div/div[2]/div[2]/div[2]/div/form/div[3]/div/div/div[2]/input 
2018-01-03 14:31:16,691 - BasePage - INFO - The element '  ' was clicked.
2018-01-03 14:31:26,813 - BasePage - INFO - Had take screenshot and save to folder: /screenshots
