2018-01-17 10:19:52,833 - BrowserEngine - INFO - You had select Firefox browser.
2018-01-17 10:19:52,835 - BrowserEngine - INFO - The test server url is: http://ehrtest.source3g.com/auth//#/login?ehr
2018-01-17 10:19:57,091 - BrowserEngine - INFO - Starting firefox browser.
2018-01-17 10:20:01,933 - BrowserEngine - INFO - Open url: http://ehrtest.source3g.com/auth//#/login?ehr
2018-01-17 10:20:01,966 - BrowserEngine - INFO - Maximize the current window
2018-01-17 10:20:01,971 - BrowserEngine - INFO - Set implicitly wait 10 seconds.
2018-01-17 10:20:02,026 - BasePage - INFO - Had find the element '  ' successful by xpath via value: .//*[@id='app']/div/div[2]/form/div[1]/div/div[1]/input 
2018-01-17 10:20:02,026 - BasePage - INFO - Had find the element '  ' successful by xpath via value: .//*[@id='app']/div/div[2]/form/div[1]/div/div[1]/input 
2018-01-17 10:20:02,071 - BasePage - INFO - Had type ' liliuyang ' in inputBox
2018-01-17 10:20:02,071 - BasePage - INFO - Had type ' liliuyang ' in inputBox
2018-01-17 10:20:02,097 - BasePage - INFO - Had find the element '  ' successful by xpath via value: .//*[@id='app']/div/div[2]/form/div[2]/div/div[1]/input 
2018-01-17 10:20:02,097 - BasePage - INFO - Had find the element '  ' successful by xpath via value: .//*[@id='app']/div/div[2]/form/div[2]/div/div[1]/input 
2018-01-17 10:20:02,131 - BasePage - INFO - Had type ' 888888 ' in inputBox
2018-01-17 10:20:02,131 - BasePage - INFO - Had type ' 888888 ' in inputBox
2018-01-17 10:20:02,150 - BasePage - INFO - Had find the element ' 登 录 ' successful by xpath via value: .//*[@id='app']/div/div[2]/form/div[3]/button 
2018-01-17 10:20:02,150 - BasePage - INFO - Had find the element ' 登 录 ' successful by xpath via value: .//*[@id='app']/div/div[2]/form/div[3]/button 
2018-01-17 10:20:02,389 - BasePage - INFO - The element ' 登 录 ' was clicked.
2018-01-17 10:20:02,389 - BasePage - INFO - The element ' 登 录 ' was clicked.
2018-01-17 10:20:08,031 - BasePage - INFO - Had find the element ' 人员组织管理 ' successful by xpath via value: .//*[@id='app']/div/div[2]/ul/li[4]/div 
2018-01-17 10:20:08,031 - BasePage - INFO - Had find the element ' 人员组织管理 ' successful by xpath via value: .//*[@id='app']/div/div[2]/ul/li[4]/div 
2018-01-17 10:20:08,279 - BasePage - INFO - The element ' 人员组织管理 ' was clicked.
2018-01-17 10:20:08,279 - BasePage - INFO - The element ' 人员组织管理 ' was clicked.
2018-01-17 10:20:09,990 - BasePage - INFO - Had find the element ' 花名册导入 ' successful by xpath via value: .//*[@id='app']/div/div[2]/ul/li[4]/ul/li[1] 
2018-01-17 10:20:09,990 - BasePage - INFO - Had find the element ' 花名册导入 ' successful by xpath via value: .//*[@id='app']/div/div[2]/ul/li[4]/ul/li[1] 
2018-01-17 10:20:10,494 - BasePage - INFO - The element ' 花名册导入 ' was clicked.
2018-01-17 10:20:10,494 - BasePage - INFO - The element ' 花名册导入 ' was clicked.
