2018-01-03 16:02:06,660 - BrowserEngine - INFO - You had select Firefox browser.
2018-01-03 16:02:06,660 - BrowserEngine - INFO - The test server url is: http://localhost:8090/#/login?ehr
2018-01-03 16:02:18,834 - BrowserEngine - INFO - You had select Firefox browser.
2018-01-03 16:02:18,834 - BrowserEngine - INFO - The test server url is: http://localhost:8090/#/login?ehr
2018-01-03 16:02:23,028 - BrowserEngine - INFO - Starting firefox browser.
2018-01-03 16:02:23,687 - BrowserEngine - INFO - Open url: http://localhost:8090/#/login?ehr
2018-01-03 16:02:23,717 - BrowserEngine - INFO - Maximize the current window
2018-01-03 16:02:23,717 - BrowserEngine - INFO - Set implicitly wait 10 seconds.
2018-01-03 16:02:23,767 - BasePage - INFO - Had find the element '  ' successful by xpath via value: .//*[@id='app']/div/div[2]/form/div[1]/div/div[1]/input 
2018-01-03 16:02:23,808 - BasePage - INFO - Had type ' liliuyang ' in inputBox
2018-01-03 16:02:23,838 - BasePage - INFO - Had find the element '  ' successful by xpath via value: .//*[@id='app']/div/div[2]/form/div[2]/div/div[1]/input 
2018-01-03 16:02:23,868 - BasePage - INFO - Had type ' 888888 ' in inputBox
2018-01-03 16:02:23,888 - BasePage - INFO - Had find the element ' 登 录 ' successful by xpath via value: .//*[@id='app']/div/div[2]/form/div[3]/button 
2018-01-03 16:02:24,138 - BasePage - INFO - The element ' 登 录 ' was clicked.
2018-01-03 16:02:29,658 - BasePage - INFO - Had find the element ' 人员组织管理 ' successful by xpath via value: .//*[@id='app']/div/div[2]/ul/li[3]/div 
2018-01-03 16:02:30,220 - BasePage - INFO - The element ' 人员组织管理 ' was clicked.
2018-01-03 16:02:30,359 - BasePage - INFO - Had find the element ' 组织架构 ' successful by xpath via value: .//*[@id='app']/div/div[2]/ul/li[3]/ul/li[3] 
2018-01-03 16:02:30,920 - BasePage - INFO - The element ' 组织架构 ' was clicked.
2018-01-03 16:02:31,269 - BasePage - INFO - Had find the element '  ' successful by xpath via value: .//*[@id='tab-WXB'] 
2018-01-03 16:02:31,509 - BasePage - INFO - The element ' 旺小宝 ' was clicked.
