2018-01-03 14:03:13,177 - BrowserEngine - INFO - You had select Firefox browser.
2018-01-03 14:03:13,177 - BrowserEngine - INFO - The test server url is: http://localhost:8090/#/login?ehr
2018-01-03 14:03:17,358 - BrowserEngine - INFO - Starting firefox browser.
2018-01-03 14:03:17,999 - BrowserEngine - INFO - Open url: http://localhost:8090/#/login?ehr
2018-01-03 14:03:18,019 - BrowserEngine - INFO - Maximize the current window
2018-01-03 14:03:18,029 - BrowserEngine - INFO - Set implicitly wait 10 seconds.
2018-01-03 14:03:18,078 - BasePage - INFO - Had find the element '  ' successful by xpath via value: .//*[@id='app']/div/div[2]/form/div[1]/div/div[1]/input 
2018-01-03 14:03:18,118 - BasePage - INFO - Had type ' liliuyang ' in inputBox
2018-01-03 14:03:18,148 - BasePage - INFO - Had find the element '  ' successful by xpath via value: .//*[@id='app']/div/div[2]/form/div[2]/div/div[1]/input 
2018-01-03 14:03:18,188 - BasePage - INFO - Had type ' 888888 ' in inputBox
2018-01-03 14:03:18,209 - BasePage - INFO - Had find the element ' 登 录 ' successful by xpath via value: .//*[@id='app']/div/div[2]/form/div[3]/button 
2018-01-03 14:03:18,459 - BasePage - INFO - The element ' 登 录 ' was clicked.
2018-01-03 14:03:22,539 - BasePage - INFO - Had find the element ' 人员组织管理 ' successful by xpath via value: .//*[@id='app']/div/div[2]/ul/li[3]/div 
2018-01-03 14:03:23,099 - BasePage - INFO - The element ' 人员组织管理 ' was clicked.
2018-01-03 14:03:23,250 - BasePage - INFO - Had find the element ' 组织架构 ' successful by xpath via value: .//*[@id='app']/div/div[2]/ul/li[3]/ul/li[3] 
2018-01-03 14:03:23,809 - BasePage - INFO - The element ' 组织架构 ' was clicked.
2018-01-03 14:03:24,099 - BasePage - INFO - Had find the element '  ' successful by xpath via value: .//*[@id='tab-GS'] 
2018-01-03 14:03:24,329 - BasePage - INFO - The element ' 国盛天丰 ' was clicked.
2018-01-03 14:03:24,349 - BasePage - INFO - Had find the element ' 财务部 ' successful by xpath via value: .//*[@id='pane-GS']/div/div[1]/div/span[2]/span[1]/span 
2018-01-03 14:03:24,589 - BasePage - INFO - The element ' 财务部 ' was clicked.
2018-01-03 14:03:24,609 - BasePage - INFO - Had find the element '  ' successful by xpath via value: .//*[@id='pane-GS']/div/div[1]/div/span[2]/span[2]/i 
2018-01-03 14:03:24,839 - BasePage - INFO - The element '  ' was clicked.
2018-01-03 14:03:24,859 - BasePage - INFO - Had find the element '  ' successful by xpath via value: .//*[@id='app']/div/div[3]/div/div[2]/div[2]/div[2]/div/form/div[1]/div/div/input 
2018-01-03 14:03:24,890 - BasePage - INFO - Had type ' 财务部111 ' in inputBox
2018-01-03 14:03:24,910 - BasePage - INFO - Had find the element '  ' successful by xpath via value: .//*[@id='app']/div/div[3]/div/div[2]/div[2]/div[2]/div/form/div[2]/div/div/div[1]/input 
2018-01-03 14:03:25,160 - BasePage - INFO - The element '  ' was clicked.
2018-01-03 14:03:25,619 - BasePage - INFO - Had find the element ' 国盛天丰 ' successful by xpath via value: html/body/div[2]/div[1]/div[1]/ul/li[2]/span 
2018-01-03 14:03:25,859 - BasePage - INFO - The element ' 国盛天丰 ' was clicked.
2018-01-03 14:03:33,381 - BasePage - INFO - Had find the element '  ' successful by xpath via value: .//*[@id='app']/div/div[3]/div/div[2]/div[2]/div[2]/div/form/div[3]/div/div/div[1]/span/span/i 
