2018-01-03 14:34:23,328 - BrowserEngine - INFO - You had select Firefox browser.
2018-01-03 14:34:23,328 - BrowserEngine - INFO - The test server url is: http://localhost:8090/#/login?ehr
2018-01-03 14:34:27,572 - BrowserEngine - INFO - Starting firefox browser.
2018-01-03 14:34:28,312 - BrowserEngine - INFO - Open url: http://localhost:8090/#/login?ehr
2018-01-03 14:34:28,342 - BrowserEngine - INFO - Maximize the current window
2018-01-03 14:34:28,352 - BrowserEngine - INFO - Set implicitly wait 10 seconds.
2018-01-03 14:34:28,392 - BasePage - INFO - Had find the element '  ' successful by xpath via value: .//*[@id='app']/div/div[2]/form/div[1]/div/div[1]/input 
2018-01-03 14:34:28,433 - BasePage - INFO - Had type ' liliuyang ' in inputBox
2018-01-03 14:34:28,453 - BasePage - INFO - Had find the element '  ' successful by xpath via value: .//*[@id='app']/div/div[2]/form/div[2]/div/div[1]/input 
2018-01-03 14:34:28,493 - BasePage - INFO - Had type ' 888888 ' in inputBox
2018-01-03 14:34:28,513 - BasePage - INFO - Had find the element ' 登 录 ' successful by xpath via value: .//*[@id='app']/div/div[2]/form/div[3]/button 
2018-01-03 14:34:28,773 - BasePage - INFO - The element ' 登 录 ' was clicked.
2018-01-03 14:34:34,122 - BasePage - INFO - Had find the element ' 人员组织管理 ' successful by xpath via value: .//*[@id='app']/div/div[2]/ul/li[3]/div 
2018-01-03 14:34:34,653 - BasePage - INFO - The element ' 人员组织管理 ' was clicked.
2018-01-03 14:34:34,792 - BasePage - INFO - Had find the element ' 组织架构 ' successful by xpath via value: .//*[@id='app']/div/div[2]/ul/li[3]/ul/li[3] 
2018-01-03 14:34:35,372 - BasePage - INFO - The element ' 组织架构 ' was clicked.
2018-01-03 14:34:35,673 - BasePage - INFO - Had find the element '  ' successful by xpath via value: .//*[@id='tab-GS'] 
2018-01-03 14:34:35,903 - BasePage - INFO - The element ' 国盛天丰 ' was clicked.
2018-01-03 14:34:35,923 - BasePage - INFO - Had find the element ' 财务部 ' successful by xpath via value: .//*[@id='pane-GS']/div/div[1]/div/span[2]/span[1]/span 
2018-01-03 14:34:36,163 - BasePage - INFO - The element ' 财务部 ' was clicked.
2018-01-03 14:34:36,183 - BasePage - INFO - Had find the element '  ' successful by xpath via value: .//*[@id='pane-GS']/div/div[1]/div/span[2]/span[2]/i 
2018-01-03 14:34:36,413 - BasePage - INFO - The element '  ' was clicked.
2018-01-03 14:34:36,423 - BasePage - INFO - Had find the element '  ' successful by xpath via value: .//*[@id='app']/div/div[3]/div/div[2]/div[2]/div[2]/div/form/div[1]/div/div/input 
2018-01-03 14:34:36,453 - BasePage - INFO - Had type ' 财务部111 ' in inputBox
2018-01-03 14:34:36,493 - BasePage - INFO - Had find the element '  ' successful by xpath via value: .//*[@id='app']/div/div[3]/div/div[2]/div[2]/div[2]/div/form/div[3]/div/div/div[2]/input 
2018-01-03 14:34:36,733 - BasePage - INFO - The element '  ' was clicked.
2018-01-03 14:34:46,884 - BasePage - INFO - Had take screenshot and save to folder: /screenshots
