2018-01-03 13:57:25,891 - BrowserEngine - INFO - You had select Firefox browser.
2018-01-03 13:57:25,891 - BrowserEngine - INFO - The test server url is: http://localhost:8090/#/login?ehr
2018-01-03 13:57:30,170 - BrowserEngine - INFO - Starting firefox browser.
2018-01-03 13:57:30,859 - BrowserEngine - INFO - Open url: http://localhost:8090/#/login?ehr
2018-01-03 13:57:30,890 - BrowserEngine - INFO - Maximize the current window
2018-01-03 13:57:30,900 - BrowserEngine - INFO - Set implicitly wait 10 seconds.
2018-01-03 13:57:30,940 - BasePage - INFO - Had find the element '  ' successful by xpath via value: .//*[@id='app']/div/div[2]/form/div[1]/div/div[1]/input 
2018-01-03 13:57:30,970 - BasePage - INFO - Had type ' liliuyang ' in inputBox
2018-01-03 13:57:31,000 - BasePage - INFO - Had find the element '  ' successful by xpath via value: .//*[@id='app']/div/div[2]/form/div[2]/div/div[1]/input 
2018-01-03 13:57:31,029 - BasePage - INFO - Had type ' 888888 ' in inputBox
2018-01-03 13:57:31,069 - BasePage - INFO - Had find the element ' 登 录 ' successful by xpath via value: .//*[@id='app']/div/div[2]/form/div[3]/button 
2018-01-03 13:57:31,329 - BasePage - INFO - The element ' 登 录 ' was clicked.
2018-01-03 13:57:35,427 - BasePage - INFO - Had find the element ' 人员组织管理 ' successful by xpath via value: .//*[@id='app']/div/div[2]/ul/li[3]/div 
2018-01-03 13:57:36,056 - BasePage - INFO - The element ' 人员组织管理 ' was clicked.
2018-01-03 13:57:36,127 - BasePage - INFO - Had find the element ' 组织架构 ' successful by xpath via value: .//*[@id='app']/div/div[2]/ul/li[3]/ul/li[3] 
2018-01-03 13:57:36,822 - BasePage - INFO - The element ' 组织架构 ' was clicked.
2018-01-03 13:57:36,842 - BasePage - INFO - Had find the element ' 国盛天丰 ' successful by xpath via value: .//*[@id='tab-GS'] 
2018-01-03 13:57:37,101 - BasePage - INFO - The element ' 国盛天丰 ' was clicked.
2018-01-03 13:57:37,111 - BasePage - INFO - Had find the element ' 财务部 ' successful by xpath via value: .//*[@id='pane-GS']/div/div[1]/div/span[2]/span[1]/span 
2018-01-03 13:57:37,381 - BasePage - INFO - The element ' 财务部 ' was clicked.
2018-01-03 13:57:37,411 - BasePage - INFO - Had find the element '  ' successful by xpath via value: .//*[@id='pane-GS']/div/div[1]/div/span[2]/span[2]/i 
2018-01-03 13:57:37,641 - BasePage - INFO - The element '  ' was clicked.
2018-01-03 13:57:37,651 - BasePage - INFO - Had find the element '  ' successful by xpath via value: .//*[@id='app']/div/div[3]/div/div[2]/div[2]/div[2]/div/form/div[1]/div/div/input 
2018-01-03 13:57:37,681 - BasePage - INFO - Had type ' 财务部111 ' in inputBox
2018-01-03 13:57:37,711 - BasePage - INFO - Had find the element '  ' successful by xpath via value: .//*[@id='app']/div/div[3]/div/div[2]/div[2]/div[2]/div/form/div[2]/div/div/div[1]/input 
2018-01-03 13:57:37,971 - BasePage - INFO - The element '  ' was clicked.
2018-01-03 13:57:38,473 - BasePage - INFO - Had find the element ' 国盛天丰 ' successful by xpath via value: html/body/div[2]/div[1]/div[1]/ul/li[2]/span 
2018-01-03 13:57:38,713 - BasePage - INFO - The element ' 国盛天丰 ' was clicked.
