2018-01-17 11:13:12,511 - BrowserEngine - INFO - You had select Firefox browser.
2018-01-17 11:13:12,511 - BrowserEngine - INFO - The test server url is: http://ehrtest.source3g.com/auth//#/login?ehr
2018-01-17 11:13:17,922 - BrowserEngine - INFO - Starting firefox browser.
2018-01-17 11:13:22,694 - BrowserEngine - INFO - Open url: http://ehrtest.source3g.com/auth//#/login?ehr
2018-01-17 11:13:22,722 - BrowserEngine - INFO - Maximize the current window
2018-01-17 11:13:22,726 - BrowserEngine - INFO - Set implicitly wait 10 seconds.
2018-01-17 11:13:22,764 - BasePage - INFO - Had find the element '  ' successful by xpath via value: .//*[@id='app']/div/div[2]/form/div[1]/div/div[1]/input 
2018-01-17 11:13:22,764 - BasePage - INFO - Had find the element '  ' successful by xpath via value: .//*[@id='app']/div/div[2]/form/div[1]/div/div[1]/input 
2018-01-17 11:13:22,808 - BasePage - INFO - Had type ' liliuyang ' in inputBox
2018-01-17 11:13:22,808 - BasePage - INFO - Had type ' liliuyang ' in inputBox
2018-01-17 11:13:22,831 - BasePage - INFO - Had find the element '  ' successful by xpath via value: .//*[@id='app']/div/div[2]/form/div[2]/div/div[1]/input 
2018-01-17 11:13:22,831 - BasePage - INFO - Had find the element '  ' successful by xpath via value: .//*[@id='app']/div/div[2]/form/div[2]/div/div[1]/input 
2018-01-17 11:13:22,866 - BasePage - INFO - Had type ' 888888 ' in inputBox
2018-01-17 11:13:22,866 - BasePage - INFO - Had type ' 888888 ' in inputBox
2018-01-17 11:13:22,887 - BasePage - INFO - Had find the element ' 登 录 ' successful by xpath via value: .//*[@id='app']/div/div[2]/form/div[3]/button 
2018-01-17 11:13:22,887 - BasePage - INFO - Had find the element ' 登 录 ' successful by xpath via value: .//*[@id='app']/div/div[2]/form/div[3]/button 
2018-01-17 11:13:55,331 - BrowserEngine - INFO - You had select Firefox browser.
2018-01-17 11:13:55,332 - BrowserEngine - INFO - The test server url is: http://ehrtest.source3g.com/auth//#/login?ehr
2018-01-17 11:13:59,544 - BrowserEngine - INFO - Starting firefox browser.
2018-01-17 11:14:04,517 - BrowserEngine - INFO - Open url: http://ehrtest.source3g.com/auth//#/login?ehr
2018-01-17 11:14:04,569 - BrowserEngine - INFO - Maximize the current window
2018-01-17 11:14:04,575 - BrowserEngine - INFO - Set implicitly wait 10 seconds.
2018-01-17 11:14:04,613 - BasePage - INFO - Had find the element '  ' successful by xpath via value: .//*[@id='app']/div/div[2]/form/div[1]/div/div[1]/input 
2018-01-17 11:14:04,613 - BasePage - INFO - Had find the element '  ' successful by xpath via value: .//*[@id='app']/div/div[2]/form/div[1]/div/div[1]/input 
2018-01-17 11:14:04,657 - BasePage - INFO - Had type ' liliuyang ' in inputBox
2018-01-17 11:14:04,657 - BasePage - INFO - Had type ' liliuyang ' in inputBox
2018-01-17 11:14:04,679 - BasePage - INFO - Had find the element '  ' successful by xpath via value: .//*[@id='app']/div/div[2]/form/div[2]/div/div[1]/input 
2018-01-17 11:14:04,679 - BasePage - INFO - Had find the element '  ' successful by xpath via value: .//*[@id='app']/div/div[2]/form/div[2]/div/div[1]/input 
2018-01-17 11:14:04,711 - BasePage - INFO - Had type ' 888888 ' in inputBox
2018-01-17 11:14:04,711 - BasePage - INFO - Had type ' 888888 ' in inputBox
2018-01-17 11:14:04,729 - BasePage - INFO - Had find the element ' 登 录 ' successful by xpath via value: .//*[@id='app']/div/div[2]/form/div[3]/button 
2018-01-17 11:14:04,729 - BasePage - INFO - Had find the element ' 登 录 ' successful by xpath via value: .//*[@id='app']/div/div[2]/form/div[3]/button 
2018-01-17 11:14:04,992 - BasePage - INFO - The element ' 登 录 ' was clicked.
2018-01-17 11:14:04,992 - BasePage - INFO - The element ' 登 录 ' was clicked.
2018-01-17 11:14:10,625 - BasePage - INFO - Had find the element ' 人员组织管理 ' successful by xpath via value: .//*[@id='app']/div/div[2]/ul/li[4]/div 
2018-01-17 11:14:10,625 - BasePage - INFO - Had find the element ' 人员组织管理 ' successful by xpath via value: .//*[@id='app']/div/div[2]/ul/li[4]/div 
2018-01-17 11:14:10,880 - BasePage - INFO - The element ' 人员组织管理 ' was clicked.
2018-01-17 11:14:10,880 - BasePage - INFO - The element ' 人员组织管理 ' was clicked.
2018-01-17 11:14:12,536 - BasePage - INFO - Had find the element ' 花名册导入 ' successful by xpath via value: .//*[@id='app']/div/div[2]/ul/li[4]/ul/li[1] 
2018-01-17 11:14:12,536 - BasePage - INFO - Had find the element ' 花名册导入 ' successful by xpath via value: .//*[@id='app']/div/div[2]/ul/li[4]/ul/li[1] 
2018-01-17 11:14:13,069 - BasePage - INFO - The element ' 花名册导入 ' was clicked.
2018-01-17 11:14:13,069 - BasePage - INFO - The element ' 花名册导入 ' was clicked.
