2018-01-03 13:46:51,943 - BrowserEngine - INFO - You had select Firefox browser.
2018-01-03 13:46:51,943 - BrowserEngine - INFO - The test server url is: http://localhost:8090/#/login?ehr
2018-01-03 13:46:56,157 - BrowserEngine - INFO - Starting firefox browser.
2018-01-03 13:46:56,747 - BrowserEngine - INFO - Open url: http://localhost:8090/#/login?ehr
2018-01-03 13:46:56,767 - BrowserEngine - INFO - Maximize the current window
2018-01-03 13:46:56,778 - BrowserEngine - INFO - Set implicitly wait 10 seconds.
2018-01-03 13:46:56,828 - BasePage - INFO - Had find the element '  ' successful by xpath via value: .//*[@id='app']/div/div[2]/form/div[1]/div/div[1]/input 
2018-01-03 13:46:56,868 - BasePage - INFO - Had type ' liliuyang ' in inputBox
2018-01-03 13:46:56,888 - BasePage - INFO - Had find the element '  ' successful by xpath via value: .//*[@id='app']/div/div[2]/form/div[2]/div/div[1]/input 
2018-01-03 13:46:56,917 - BasePage - INFO - Had type ' 888888 ' in inputBox
2018-01-03 13:46:56,937 - BasePage - INFO - Had find the element ' 登 录 ' successful by xpath via value: .//*[@id='app']/div/div[2]/form/div[3]/button 
2018-01-03 13:46:57,187 - BasePage - INFO - The element ' 登 录 ' was clicked.
2018-01-03 13:47:01,158 - BasePage - INFO - Had find the element ' 人员组织管理 ' successful by xpath via value: .//*[@id='app']/div/div[2]/ul/li[3]/div 
2018-01-03 13:47:01,740 - BasePage - INFO - The element ' 人员组织管理 ' was clicked.
2018-01-03 13:47:01,839 - BasePage - INFO - Had find the element ' 组织架构 ' successful by xpath via value: .//*[@id='app']/div/div[2]/ul/li[3]/ul/li[3] 
2018-01-03 13:47:02,470 - BasePage - INFO - The element ' 组织架构 ' was clicked.
2018-01-03 13:47:02,480 - BasePage - INFO - Had find the element '  ' successful by xpath via value: .//*[@id='tab-GS'] 
2018-01-03 13:47:02,750 - BasePage - INFO - The element ' 国盛天丰 ' was clicked.
2018-01-03 13:47:02,759 - BasePage - INFO - Had find the element ' 财务部 ' successful by xpath via value: .//*[@id='pane-GS']/div/div[1]/div/span[2]/span[1]/span 
2018-01-03 13:47:03,000 - BasePage - INFO - The element ' 财务部 ' was clicked.
2018-01-03 13:47:03,029 - BasePage - INFO - Had find the element '  ' successful by xpath via value: .//*[@id='pane-GS']/div/div[1]/div/span[2]/span[2]/i 
2018-01-03 13:47:03,259 - BasePage - INFO - The element '  ' was clicked.
2018-01-03 13:47:03,269 - BasePage - INFO - Had find the element '  ' successful by xpath via value: .//*[@id='app']/div/div[3]/div/div[2]/div[2]/div[2]/div/form/div[1]/div/div/input 
2018-01-03 13:47:03,289 - BasePage - INFO - Had type ' 财务部111 ' in inputBox
2018-01-03 13:47:03,319 - BasePage - INFO - Had find the element '  ' successful by xpath via value: .//*[@id='app']/div/div[3]/div/div[2]/div[2]/div[2]/div/form/div[2]/div/div/div[1]/input 
2018-01-03 13:47:03,569 - BasePage - INFO - The element '  ' was clicked.
2018-01-03 13:47:04,809 - BasePage - INFO - Had find the element ' 国盛天丰 ' successful by xpath via value: html/body/div[2]/div[1]/div[1]/ul/li[2]/span 
2018-01-03 13:47:05,039 - BasePage - INFO - The element ' 国盛天丰 ' was clicked.
2018-01-03 13:47:05,049 - BasePage - INFO - Had find the element '  ' successful by xpath via value: .//*[@id='app']/div/div[3]/div/div[2]/div[2]/div[2]/div/form/div[3]/div/div/div[1]/span/span/i 
