2018-01-03 15:29:15,308 - BrowserEngine - INFO - You had select Firefox browser.
2018-01-03 15:29:15,308 - BrowserEngine - INFO - The test server url is: http://localhost:8090/#/login?ehr
2018-01-03 15:29:19,490 - BrowserEngine - INFO - Starting firefox browser.
2018-01-03 15:29:20,111 - BrowserEngine - INFO - Open url: http://localhost:8090/#/login?ehr
2018-01-03 15:29:20,141 - BrowserEngine - INFO - Maximize the current window
2018-01-03 15:29:20,141 - BrowserEngine - INFO - Set implicitly wait 10 seconds.
2018-01-03 15:29:20,190 - BasePage - INFO - Had find the element '  ' successful by xpath via value: .//*[@id='app']/div/div[2]/form/div[1]/div/div[1]/input 
2018-01-03 15:29:20,230 - BasePage - INFO - Had type ' liliuyang ' in inputBox
2018-01-03 15:29:20,250 - BasePage - INFO - Had find the element '  ' successful by xpath via value: .//*[@id='app']/div/div[2]/form/div[2]/div/div[1]/input 
2018-01-03 15:29:20,280 - BasePage - INFO - Had type ' 888888 ' in inputBox
2018-01-03 15:29:20,301 - BasePage - INFO - Had find the element ' 登 录 ' successful by xpath via value: .//*[@id='app']/div/div[2]/form/div[3]/button 
2018-01-03 15:29:20,581 - BasePage - INFO - The element ' 登 录 ' was clicked.
2018-01-03 15:29:24,960 - BasePage - INFO - Had find the element ' 人员组织管理 ' successful by xpath via value: .//*[@id='app']/div/div[2]/ul/li[3]/div 
2018-01-03 15:29:25,601 - BasePage - INFO - The element ' 人员组织管理 ' was clicked.
2018-01-03 15:29:25,671 - BasePage - INFO - Had find the element ' 组织架构 ' successful by xpath via value: .//*[@id='app']/div/div[2]/ul/li[3]/ul/li[3] 
2018-01-03 15:29:26,430 - BasePage - INFO - The element ' 组织架构 ' was clicked.
2018-01-03 15:29:26,440 - BasePage - INFO - Had find the element ' 国盛天丰 ' successful by xpath via value: .//*[@id='tab-GS'] 
2018-01-03 15:29:26,701 - BasePage - INFO - The element ' 国盛天丰 ' was clicked.
2018-01-03 15:29:26,721 - BasePage - INFO - Had find the element ' 财务部 ' successful by xpath via value: .//*[@id='pane-GS']/div/div[1]/div/span[2]/span[1]/span 
2018-01-03 15:29:26,961 - BasePage - INFO - The element ' 财务部 ' was clicked.
2018-01-03 15:29:26,982 - BasePage - INFO - Had find the element '  ' successful by xpath via value: .//*[@id='pane-GS']/div/div[1]/div/span[2]/span[2]/i 
2018-01-03 15:29:27,242 - BasePage - INFO - The element '  ' was clicked.
2018-01-03 15:29:27,252 - BasePage - INFO - Had find the element '  ' successful by xpath via value: .//*[@id='app']/div/div[3]/div/div[2]/div[2]/div[2]/div/form/div[1]/div/div/input 
2018-01-03 15:29:27,262 - BasePage - INFO - Clear text in input box before typing.
2018-01-03 15:29:27,272 - BasePage - INFO - Had find the element '  ' successful by xpath via value: .//*[@id='app']/div/div[3]/div/div[2]/div[2]/div[2]/div/form/div[1]/div/div/input 
2018-01-03 15:29:27,292 - BasePage - INFO - Had type ' 商务部测试 ' in inputBox
2018-01-03 15:29:27,322 - BasePage - INFO - Had find the element '  ' successful by xpath via value: .//*[@id='app']/div/div[3]/div/div[2]/div[2]/div[2]/div/form/div[2]/div/div/div[1]/span/span/i 
2018-01-03 15:29:27,562 - BasePage - INFO - The element '  ' was clicked.
2018-01-03 15:29:28,101 - BasePage - INFO - Had find the element ' 国盛天丰 ' successful by xpath via value: html/body/div[2]/div[1]/div[1]/ul/li[2]/span 
2018-01-03 15:29:28,332 - BasePage - INFO - The element ' 国盛天丰 ' was clicked.
2018-01-03 15:29:28,351 - BasePage - INFO - Had find the element ' 重置 ' successful by xpath via value: .//*[@id='app']/div/div[3]/div/div[2]/div[2]/div[2]/div/form/div[9]/div/button[2] 
2018-01-03 15:29:28,582 - BasePage - INFO - The element ' 重置 ' was clicked.
