2018-01-03 14:02:43,459 - BrowserEngine - INFO - You had select Firefox browser.
2018-01-03 14:02:43,459 - BrowserEngine - INFO - The test server url is: http://localhost:8090/#/login?ehr
2018-01-03 14:02:47,711 - BrowserEngine - INFO - Starting firefox browser.
2018-01-03 14:02:48,351 - BrowserEngine - INFO - Open url: http://localhost:8090/#/login?ehr
2018-01-03 14:02:48,381 - BrowserEngine - INFO - Maximize the current window
2018-01-03 14:02:48,381 - BrowserEngine - INFO - Set implicitly wait 10 seconds.
2018-01-03 14:02:48,431 - BasePage - INFO - Had find the element '  ' successful by xpath via value: .//*[@id='app']/div/div[2]/form/div[1]/div/div[1]/input 
2018-01-03 14:02:48,471 - BasePage - INFO - Had type ' liliuyang ' in inputBox
2018-01-03 14:02:48,492 - BasePage - INFO - Had find the element '  ' successful by xpath via value: .//*[@id='app']/div/div[2]/form/div[2]/div/div[1]/input 
2018-01-03 14:02:48,523 - BasePage - INFO - Had type ' 888888 ' in inputBox
2018-01-03 14:02:48,542 - BasePage - INFO - Had find the element ' 登 录 ' successful by xpath via value: .//*[@id='app']/div/div[2]/form/div[3]/button 
2018-01-03 14:02:48,773 - BasePage - INFO - The element ' 登 录 ' was clicked.
2018-01-03 14:02:53,562 - BasePage - INFO - Had find the element ' 人员组织管理 ' successful by xpath via value: .//*[@id='app']/div/div[2]/ul/li[3]/div 
2018-01-03 14:02:54,183 - BasePage - INFO - The element ' 人员组织管理 ' was clicked.
2018-01-03 14:02:54,223 - BasePage - INFO - Had find the element ' 组织架构 ' successful by xpath via value: .//*[@id='app']/div/div[2]/ul/li[3]/ul/li[3] 
2018-01-03 14:02:54,944 - BasePage - INFO - The element ' 组织架构 ' was clicked.
2018-01-03 14:02:54,973 - BasePage - INFO - Had find the element ' 国盛天丰 ' successful by xpath via value: .//*[@id='tab-GS'] 
2018-01-03 14:02:55,223 - BasePage - INFO - The element ' 国盛天丰 ' was clicked.
2018-01-03 14:02:55,233 - BasePage - INFO - Had find the element ' 财务部 ' successful by xpath via value: .//*[@id='pane-GS']/div/div[1]/div/span[2]/span[1]/span 
2018-01-03 14:02:55,473 - BasePage - INFO - The element ' 财务部 ' was clicked.
2018-01-03 14:02:55,503 - BasePage - INFO - Had find the element '  ' successful by xpath via value: .//*[@id='pane-GS']/div/div[1]/div/span[2]/span[2]/i 
2018-01-03 14:02:55,733 - BasePage - INFO - The element '  ' was clicked.
2018-01-03 14:02:55,746 - BasePage - INFO - Had find the element '  ' successful by xpath via value: .//*[@id='app']/div/div[3]/div/div[2]/div[2]/div[2]/div/form/div[1]/div/div/input 
2018-01-03 14:02:55,769 - BasePage - INFO - Had type ' 财务部111 ' in inputBox
2018-01-03 14:02:55,789 - BasePage - INFO - Had find the element '  ' successful by xpath via value: .//*[@id='app']/div/div[3]/div/div[2]/div[2]/div[2]/div/form/div[2]/div/div/div[1]/input 
2018-01-03 14:02:56,039 - BasePage - INFO - The element '  ' was clicked.
2018-01-03 14:02:59,753 - BasePage - INFO - Had find the element ' 国盛天丰 ' successful by xpath via value: html/body/div[2]/div[1]/div[1]/ul/li[2]/span 
2018-01-03 14:02:59,984 - BasePage - INFO - The element ' 国盛天丰 ' was clicked.
2018-01-03 14:03:00,005 - BasePage - INFO - Had find the element '  ' successful by xpath via value: .//*[@id='app']/div/div[3]/div/div[2]/div[2]/div[2]/div/form/div[3]/div/div/div[1]/span/span/i 
