2018-01-10 11:05:22,100 - BrowserEngine - INFO - You had select Firefox browser.
2018-01-10 11:05:22,101 - BrowserEngine - INFO - The test server url is: http://localhost:8090/#/login?ehr
2018-01-10 11:05:26,918 - BrowserEngine - INFO - Starting firefox browser.
2018-01-10 11:05:27,910 - BrowserEngine - INFO - Open url: http://localhost:8090/#/login?ehr
2018-01-10 11:05:27,935 - BrowserEngine - INFO - Maximize the current window
2018-01-10 11:05:27,941 - BrowserEngine - INFO - Set implicitly wait 10 seconds.
2018-01-10 11:05:27,987 - BasePage - INFO - Had find the element '  ' successful by xpath via value: .//*[@id='app']/div/div[2]/form/div[1]/div/div[1]/input 
2018-01-10 11:05:27,987 - BasePage - INFO - Had find the element '  ' successful by xpath via value: .//*[@id='app']/div/div[2]/form/div[1]/div/div[1]/input 
2018-01-10 11:05:28,028 - BasePage - INFO - Had type ' liliuyang ' in inputBox
2018-01-10 11:05:28,028 - BasePage - INFO - Had type ' liliuyang ' in inputBox
2018-01-10 11:05:28,051 - BasePage - INFO - Had find the element '  ' successful by xpath via value: .//*[@id='app']/div/div[2]/form/div[2]/div/div[1]/input 
2018-01-10 11:05:28,051 - BasePage - INFO - Had find the element '  ' successful by xpath via value: .//*[@id='app']/div/div[2]/form/div[2]/div/div[1]/input 
2018-01-10 11:05:28,085 - BasePage - INFO - Had type ' 888888 ' in inputBox
2018-01-10 11:05:28,085 - BasePage - INFO - Had type ' 888888 ' in inputBox
2018-01-10 11:05:28,104 - BasePage - INFO - Had find the element ' 登 录 ' successful by xpath via value: .//*[@id='app']/div/div[2]/form/div[3]/button 
2018-01-10 11:05:28,104 - BasePage - INFO - Had find the element ' 登 录 ' successful by xpath via value: .//*[@id='app']/div/div[2]/form/div[3]/button 
2018-01-10 11:05:28,343 - BasePage - INFO - The element ' 登 录 ' was clicked.
2018-01-10 11:05:28,343 - BasePage - INFO - The element ' 登 录 ' was clicked.
2018-01-10 11:05:39,688 - BasePage - INFO - Had take screenshot and save to folder: /screenshots
2018-01-10 11:05:39,688 - BasePage - INFO - Had take screenshot and save to folder: /screenshots
