2018-01-03 14:22:28,905 - BrowserEngine - INFO - You had select Firefox browser.
2018-01-03 14:22:28,905 - BrowserEngine - INFO - The test server url is: http://localhost:8090/#/login?ehr
2018-01-03 14:22:33,145 - BrowserEngine - INFO - Starting firefox browser.
2018-01-03 14:22:33,846 - BrowserEngine - INFO - Open url: http://localhost:8090/#/login?ehr
2018-01-03 14:22:33,877 - BrowserEngine - INFO - Maximize the current window
2018-01-03 14:22:33,887 - BrowserEngine - INFO - Set implicitly wait 10 seconds.
2018-01-03 14:22:33,937 - BasePage - INFO - Had find the element '  ' successful by xpath via value: .//*[@id='app']/div/div[2]/form/div[1]/div/div[1]/input 
2018-01-03 14:22:33,967 - BasePage - INFO - Had type ' liliuyang ' in inputBox
2018-01-03 14:22:33,996 - BasePage - INFO - Had find the element '  ' successful by xpath via value: .//*[@id='app']/div/div[2]/form/div[2]/div/div[1]/input 
2018-01-03 14:22:34,026 - BasePage - INFO - Had type ' 888888 ' in inputBox
2018-01-03 14:22:34,046 - BasePage - INFO - Had find the element ' 登 录 ' successful by xpath via value: .//*[@id='app']/div/div[2]/form/div[3]/button 
2018-01-03 14:22:34,286 - BasePage - INFO - The element ' 登 录 ' was clicked.
2018-01-03 14:22:39,457 - BasePage - INFO - Had find the element ' 人员组织管理 ' successful by xpath via value: .//*[@id='app']/div/div[2]/ul/li[3]/div 
2018-01-03 14:22:39,707 - BasePage - INFO - The element ' 人员组织管理 ' was clicked.
2018-01-03 14:22:40,020 - BasePage - INFO - Had find the element ' 组织架构 ' successful by xpath via value: .//*[@id='app']/div/div[2]/ul/li[3]/ul/li[3] 
2018-01-03 14:22:40,520 - BasePage - INFO - The element ' 组织架构 ' was clicked.
2018-01-03 14:22:40,841 - BasePage - INFO - Had find the element '  ' successful by xpath via value: .//*[@id='tab-GS'] 
2018-01-03 14:22:41,081 - BasePage - INFO - The element ' 国盛天丰 ' was clicked.
2018-01-03 14:22:41,101 - BasePage - INFO - Had find the element ' 财务部 ' successful by xpath via value: .//*[@id='pane-GS']/div/div[1]/div/span[2]/span[1]/span 
2018-01-03 14:22:41,361 - BasePage - INFO - The element ' 财务部 ' was clicked.
2018-01-03 14:22:41,381 - BasePage - INFO - Had find the element '  ' successful by xpath via value: .//*[@id='pane-GS']/div/div[1]/div/span[2]/span[2]/i 
2018-01-03 14:22:41,611 - BasePage - INFO - The element '  ' was clicked.
2018-01-03 14:22:41,631 - BasePage - INFO - Had find the element '  ' successful by xpath via value: .//*[@id='app']/div/div[3]/div/div[2]/div[2]/div[2]/div/form/div[1]/div/div/input 
2018-01-03 14:22:41,671 - BasePage - INFO - Had type ' 财务部111 ' in inputBox
2018-01-03 14:22:41,710 - BasePage - INFO - Had find the element '  ' successful by xpath via value: .//*[@id='app']/div/div[3]/div/div[2]/div[2]/div[2]/div/form/div[3]/div/div/div[2]/input 
2018-01-03 14:22:41,980 - BasePage - INFO - The element '  ' was clicked.
2018-01-03 14:23:19,079 - BasePage - INFO - Had take screenshot and save to folder: /screenshots
