2018-01-08 11:11:18,772 - BrowserEngine - INFO - You had select Firefox browser.
2018-01-08 11:11:18,772 - BrowserEngine - INFO - The test server url is: http://localhost:8090/#/login?ehr
2018-01-08 11:11:23,039 - BrowserEngine - INFO - Starting firefox browser.
2018-01-08 11:11:23,676 - BrowserEngine - INFO - Open url: http://localhost:8090/#/login?ehr
2018-01-08 11:11:23,698 - BrowserEngine - INFO - Maximize the current window
2018-01-08 11:11:23,703 - BrowserEngine - INFO - Set implicitly wait 10 seconds.
2018-01-08 11:11:23,750 - BasePage - INFO - Had find the element '  ' successful by xpath via value: .//*[@id='app']/div/div[2]/form/div[1]/div/div[1]/input 
2018-01-08 11:11:23,750 - BasePage - INFO - Had find the element '  ' successful by xpath via value: .//*[@id='app']/div/div[2]/form/div[1]/div/div[1]/input 
2018-01-08 11:11:23,792 - BasePage - INFO - Had type ' liliuyang ' in inputBox
2018-01-08 11:11:23,792 - BasePage - INFO - Had type ' liliuyang ' in inputBox
2018-01-08 11:11:23,815 - BasePage - INFO - Had find the element '  ' successful by xpath via value: .//*[@id='app']/div/div[2]/form/div[2]/div/div[1]/input 
2018-01-08 11:11:23,815 - BasePage - INFO - Had find the element '  ' successful by xpath via value: .//*[@id='app']/div/div[2]/form/div[2]/div/div[1]/input 
2018-01-08 11:11:23,849 - BasePage - INFO - Had type ' 888888 ' in inputBox
2018-01-08 11:11:23,849 - BasePage - INFO - Had type ' 888888 ' in inputBox
2018-01-08 11:11:23,868 - BasePage - INFO - Had find the element ' 登 录 ' successful by xpath via value: .//*[@id='app']/div/div[2]/form/div[3]/button 
2018-01-08 11:11:23,868 - BasePage - INFO - Had find the element ' 登 录 ' successful by xpath via value: .//*[@id='app']/div/div[2]/form/div[3]/button 
2018-01-08 11:11:24,101 - BasePage - INFO - The element ' 登 录 ' was clicked.
2018-01-08 11:11:24,101 - BasePage - INFO - The element ' 登 录 ' was clicked.
2018-01-08 11:11:26,210 - BasePage - INFO - Had find the element ' 人员组织管理 ' successful by xpath via value: .//*[@id='app']/div/div[2]/ul/li[4]/div 
2018-01-08 11:11:26,210 - BasePage - INFO - Had find the element ' 人员组织管理 ' successful by xpath via value: .//*[@id='app']/div/div[2]/ul/li[4]/div 
2018-01-08 11:11:26,842 - BasePage - INFO - The element ' 人员组织管理 ' was clicked.
2018-01-08 11:11:26,842 - BasePage - INFO - The element ' 人员组织管理 ' was clicked.
2018-01-08 11:11:26,930 - BasePage - INFO - Had find the element ' 花名册导入 ' successful by xpath via value: .//*[@id='app']/div/div[2]/ul/li[4]/ul/li[1] 
2018-01-08 11:11:26,930 - BasePage - INFO - Had find the element ' 花名册导入 ' successful by xpath via value: .//*[@id='app']/div/div[2]/ul/li[4]/ul/li[1] 
2018-01-08 11:11:27,520 - BasePage - INFO - The element ' 花名册导入 ' was clicked.
2018-01-08 11:11:27,520 - BasePage - INFO - The element ' 花名册导入 ' was clicked.
2018-01-08 11:11:27,553 - BasePage - INFO - Had find the element ' 点击 ' successful by xpath via value: .//*[@id='app']/div/div[3]/div/div[2]/div[2]/a 
2018-01-08 11:11:27,553 - BasePage - INFO - Had find the element ' 点击 ' successful by xpath via value: .//*[@id='app']/div/div[3]/div/div[2]/div[2]/a 
2018-01-08 11:11:32,825 - BasePage - INFO - The element ' 点击 ' was clicked.
2018-01-08 11:11:32,825 - BasePage - INFO - The element ' 点击 ' was clicked.
