2018-01-03 15:17:14,986 - BrowserEngine - INFO - You had select Firefox browser.
2018-01-03 15:17:14,986 - BrowserEngine - INFO - The test server url is: http://localhost:8090/#/login?ehr
2018-01-03 15:17:19,154 - BrowserEngine - INFO - Starting firefox browser.
2018-01-03 15:17:19,834 - BrowserEngine - INFO - Open url: http://localhost:8090/#/login?ehr
2018-01-03 15:17:19,864 - BrowserEngine - INFO - Maximize the current window
2018-01-03 15:17:19,864 - BrowserEngine - INFO - Set implicitly wait 10 seconds.
2018-01-03 15:17:19,914 - BasePage - INFO - Had find the element '  ' successful by xpath via value: .//*[@id='app']/div/div[2]/form/div[1]/div/div[1]/input 
2018-01-03 15:17:19,953 - BasePage - INFO - Had type ' liliuyang ' in inputBox
2018-01-03 15:17:19,983 - BasePage - INFO - Had find the element '  ' successful by xpath via value: .//*[@id='app']/div/div[2]/form/div[2]/div/div[1]/input 
2018-01-03 15:17:20,013 - BasePage - INFO - Had type ' 888888 ' in inputBox
2018-01-03 15:17:20,033 - BasePage - INFO - Had find the element ' 登 录 ' successful by xpath via value: .//*[@id='app']/div/div[2]/form/div[3]/button 
2018-01-03 15:17:20,263 - BasePage - INFO - The element ' 登 录 ' was clicked.
2018-01-03 15:17:30,394 - BasePage - INFO - Had take screenshot and save to folder: /screenshots
2018-01-03 15:17:34,456 - BrowserEngine - INFO - You had select Firefox browser.
2018-01-03 15:17:34,456 - BrowserEngine - INFO - The test server url is: http://localhost:8090/#/login?ehr
2018-01-03 15:17:38,641 - BrowserEngine - INFO - Starting firefox browser.
2018-01-03 15:17:39,311 - BrowserEngine - INFO - Open url: http://localhost:8090/#/login?ehr
2018-01-03 15:17:39,331 - BrowserEngine - INFO - Maximize the current window
2018-01-03 15:17:39,341 - BrowserEngine - INFO - Set implicitly wait 10 seconds.
2018-01-03 15:17:39,381 - BasePage - INFO - Had find the element '  ' successful by xpath via value: .//*[@id='app']/div/div[2]/form/div[1]/div/div[1]/input 
2018-01-03 15:17:39,460 - BasePage - INFO - Had type ' liliuyang ' in inputBox
2018-01-03 15:17:39,480 - BasePage - INFO - Had find the element '  ' successful by xpath via value: .//*[@id='app']/div/div[2]/form/div[2]/div/div[1]/input 
2018-01-03 15:17:39,510 - BasePage - INFO - Had type ' 888888 ' in inputBox
2018-01-03 15:17:39,530 - BasePage - INFO - Had find the element ' 登 录 ' successful by xpath via value: .//*[@id='app']/div/div[2]/form/div[3]/button 
2018-01-03 15:17:39,780 - BasePage - INFO - The element ' 登 录 ' was clicked.
2018-01-03 15:17:45,122 - BasePage - INFO - Had find the element ' 人员组织管理 ' successful by xpath via value: .//*[@id='app']/div/div[2]/ul/li[3]/div 
2018-01-03 15:17:45,753 - BasePage - INFO - The element ' 人员组织管理 ' was clicked.
2018-01-03 15:17:45,842 - BasePage - INFO - Had find the element ' 组织架构 ' successful by xpath via value: .//*[@id='app']/div/div[2]/ul/li[3]/ul/li[3] 
2018-01-03 15:17:46,503 - BasePage - INFO - The element ' 组织架构 ' was clicked.
2018-01-03 15:17:46,523 - BasePage - INFO - Had find the element ' 国盛天丰 ' successful by xpath via value: .//*[@id='tab-GS'] 
2018-01-03 15:17:46,822 - BasePage - INFO - The element ' 国盛天丰 ' was clicked.
2018-01-03 15:17:46,852 - BasePage - INFO - Had find the element ' = ' successful by xpath via value: .//*[@id='pane-GS']/div/div[1]/div/span[2]/span[1]/span 
2018-01-03 15:17:47,092 - BasePage - INFO - The element ' = ' was clicked.
2018-01-03 15:17:47,112 - BasePage - INFO - Had find the element '  ' successful by xpath via value: .//*[@id='pane-GS']/div/div[1]/div/span[2]/span[2]/i 
2018-01-03 15:17:47,362 - BasePage - INFO - The element '  ' was clicked.
2018-01-03 15:17:47,372 - BasePage - INFO - Had find the element '  ' successful by xpath via value: .//*[@id='app']/div/div[3]/div/div[2]/div[2]/div[2]/div/form/div[1]/div/div/input 
2018-01-03 15:17:47,392 - BasePage - INFO - Clear text in input box before typing.
2018-01-03 15:17:47,403 - BasePage - INFO - Had find the element '  ' successful by xpath via value: .//*[@id='app']/div/div[3]/div/div[2]/div[2]/div[2]/div/form/div[1]/div/div/input 
2018-01-03 15:17:47,433 - BasePage - INFO - Had type ' 商务部测试 ' in inputBox
2018-01-03 15:17:47,463 - BasePage - INFO - Had find the element '  ' successful by xpath via value: .//*[@id='app']/div/div[3]/div/div[2]/div[2]/div[2]/div/form/div[2]/div/div/div[1]/span/span/i 
2018-01-03 15:17:47,713 - BasePage - INFO - The element '  ' was clicked.
2018-01-03 15:17:48,233 - BasePage - INFO - Had find the element ' 国盛天丰 ' successful by xpath via value: html/body/div[2]/div[1]/div[1]/ul/li[2]/span 
2018-01-03 15:17:48,463 - BasePage - INFO - The element ' 国盛天丰 ' was clicked.
2018-01-03 15:17:48,473 - BasePage - INFO - Had find the element '  ' successful by xpath via value: .//*[@id='app']/div/div[3]/div/div[2]/div[2]/div[2]/div/form/div[6]/div/div/span 
2018-01-03 15:17:48,703 - BasePage - INFO - The element '  ' was clicked.
2018-01-03 15:17:48,713 - BasePage - INFO - Had find the element '  ' successful by xpath via value: .//*[@id='app']/div/div[3]/div/div[2]/div[2]/div[2]/div/form/div[7]/div/div/span 
2018-01-03 15:17:48,943 - BasePage - INFO - The element '  ' was clicked.
2018-01-03 15:17:48,953 - BasePage - INFO - Had find the element '  ' successful by xpath via value: .//*[@id='app']/div/div[3]/div/div[2]/div[2]/div[2]/div/form/div[8]/div/div/textarea 
2018-01-03 15:17:48,973 - BasePage - INFO - Had type ' 测试是否能使用 ' in inputBox
2018-01-03 15:17:49,052 - BasePage - INFO - Had find the element ' 提交 ' successful by xpath via value: .//*[@id='app']/div/div[3]/div/div[2]/div[2]/div[2]/div/form/div[9]/div/button[1] 
2018-01-03 15:17:49,313 - BasePage - INFO - The element ' 提交 ' was clicked.
