2018-01-03 15:02:08,984 - BrowserEngine - INFO - You had select Firefox browser.
2018-01-03 15:02:08,984 - BrowserEngine - INFO - The test server url is: http://localhost:8090/#/login?ehr
2018-01-03 15:02:13,259 - BrowserEngine - INFO - Starting firefox browser.
2018-01-03 15:02:13,869 - BrowserEngine - INFO - Open url: http://localhost:8090/#/login?ehr
2018-01-03 15:02:13,890 - BrowserEngine - INFO - Maximize the current window
2018-01-03 15:02:13,900 - BrowserEngine - INFO - Set implicitly wait 10 seconds.
2018-01-03 15:02:13,950 - BasePage - INFO - Had find the element '  ' successful by xpath via value: .//*[@id='app']/div/div[2]/form/div[1]/div/div[1]/input 
2018-01-03 15:02:13,990 - BasePage - INFO - Had type ' liliuyang ' in inputBox
2018-01-03 15:02:14,019 - BasePage - INFO - Had find the element '  ' successful by xpath via value: .//*[@id='app']/div/div[2]/form/div[2]/div/div[1]/input 
2018-01-03 15:02:14,049 - BasePage - INFO - Had type ' 888888 ' in inputBox
2018-01-03 15:02:14,069 - BasePage - INFO - Had find the element ' 登 录 ' successful by xpath via value: .//*[@id='app']/div/div[2]/form/div[3]/button 
2018-01-03 15:02:14,309 - BasePage - INFO - The element ' 登 录 ' was clicked.
2018-01-03 15:02:19,510 - BasePage - INFO - Had find the element ' 人员组织管理 ' successful by xpath via value: .//*[@id='app']/div/div[2]/ul/li[3]/div 
2018-01-03 15:02:20,161 - BasePage - INFO - The element ' 人员组织管理 ' was clicked.
2018-01-03 15:02:20,220 - BasePage - INFO - Had find the element ' 组织架构 ' successful by xpath via value: .//*[@id='app']/div/div[2]/ul/li[3]/ul/li[3] 
2018-01-03 15:02:20,832 - BasePage - INFO - The element ' 组织架构 ' was clicked.
2018-01-03 15:02:21,131 - BasePage - INFO - Had find the element ' 国盛天丰 ' successful by xpath via value: .//*[@id='tab-GS'] 
2018-01-03 15:02:21,361 - BasePage - INFO - The element ' 国盛天丰 ' was clicked.
2018-01-03 15:02:21,371 - BasePage - INFO - Had find the element ' 财务部 ' successful by xpath via value: .//*[@id='pane-GS']/div/div[1]/div/span[2]/span[1]/span 
2018-01-03 15:02:21,631 - BasePage - INFO - The element ' 财务部 ' was clicked.
2018-01-03 15:02:21,641 - BasePage - INFO - Had find the element '  ' successful by xpath via value: .//*[@id='pane-GS']/div/div[1]/div/span[2]/span[2]/i 
2018-01-03 15:02:21,881 - BasePage - INFO - The element '  ' was clicked.
2018-01-03 15:02:21,901 - BasePage - INFO - Had find the element '  ' successful by xpath via value: .//*[@id='app']/div/div[3]/div/div[2]/div[2]/div[2]/div/form/div[1]/div/div/input 
2018-01-03 15:02:21,911 - BasePage - INFO - Clear text in input box before typing.
2018-01-03 15:02:21,921 - BasePage - INFO - Had find the element '  ' successful by xpath via value: .//*[@id='app']/div/div[3]/div/div[2]/div[2]/div[2]/div/form/div[1]/div/div/input 
2018-01-03 15:02:21,941 - BasePage - INFO - Had type ' 商务部测试 ' in inputBox
2018-01-03 15:02:21,971 - BasePage - INFO - Had find the element '  ' successful by xpath via value: .//*[@id='app']/div/div[3]/div/div[2]/div[2]/div[2]/div/form/div[2]/div/div/div[1]/span/span/i 
2018-01-03 15:02:22,211 - BasePage - INFO - The element '  ' was clicked.
2018-01-03 15:02:22,711 - BasePage - INFO - Had find the element ' 国盛天丰 ' successful by xpath via value: html/body/div[2]/div[1]/div[1]/ul/li[2]/span 
2018-01-03 15:02:22,941 - BasePage - INFO - The element ' 国盛天丰 ' was clicked.
