2018-01-03 14:29:02,187 - BrowserEngine - INFO - You had select Firefox browser.
2018-01-03 14:29:02,187 - BrowserEngine - INFO - The test server url is: http://localhost:8090/#/login?ehr
2018-01-03 14:29:06,598 - BrowserEngine - INFO - Starting firefox browser.
2018-01-03 14:29:07,229 - BrowserEngine - INFO - Open url: http://localhost:8090/#/login?ehr
2018-01-03 14:29:07,259 - BrowserEngine - INFO - Maximize the current window
2018-01-03 14:29:07,259 - BrowserEngine - INFO - Set implicitly wait 10 seconds.
2018-01-03 14:29:07,299 - BasePage - INFO - Had find the element '  ' successful by xpath via value: .//*[@id='app']/div/div[2]/form/div[1]/div/div[1]/input 
2018-01-03 14:29:07,348 - BasePage - INFO - Had type ' liliuyang ' in inputBox
2018-01-03 14:29:07,368 - BasePage - INFO - Had find the element '  ' successful by xpath via value: .//*[@id='app']/div/div[2]/form/div[2]/div/div[1]/input 
2018-01-03 14:29:07,398 - BasePage - INFO - Had type ' 888888 ' in inputBox
2018-01-03 14:29:07,418 - BasePage - INFO - Had find the element ' 登 录 ' successful by xpath via value: .//*[@id='app']/div/div[2]/form/div[3]/button 
2018-01-03 14:29:07,668 - BasePage - INFO - The element ' 登 录 ' was clicked.
2018-01-03 14:29:11,868 - BasePage - INFO - Had find the element ' 人员组织管理 ' successful by xpath via value: .//*[@id='app']/div/div[2]/ul/li[3]/div 
2018-01-03 14:29:12,529 - BasePage - INFO - The element ' 人员组织管理 ' was clicked.
2018-01-03 14:29:12,598 - BasePage - INFO - Had find the element ' 组织架构 ' successful by xpath via value: .//*[@id='app']/div/div[2]/ul/li[3]/ul/li[3] 
2018-01-03 14:29:13,289 - BasePage - INFO - The element ' 组织架构 ' was clicked.
2018-01-03 14:29:13,309 - BasePage - INFO - Had find the element ' 国盛天丰 ' successful by xpath via value: .//*[@id='tab-GS'] 
2018-01-03 14:29:13,618 - BasePage - INFO - The element ' 国盛天丰 ' was clicked.
2018-01-03 14:29:13,638 - BasePage - INFO - Had find the element ' 财务部 ' successful by xpath via value: .//*[@id='pane-GS']/div/div[1]/div/span[2]/span[1]/span 
2018-01-03 14:29:13,868 - BasePage - INFO - The element ' 财务部 ' was clicked.
2018-01-03 14:29:13,878 - BasePage - INFO - Had find the element '  ' successful by xpath via value: .//*[@id='pane-GS']/div/div[1]/div/span[2]/span[2]/i 
2018-01-03 14:29:14,108 - BasePage - INFO - The element '  ' was clicked.
2018-01-03 14:29:14,128 - BasePage - INFO - Had find the element '  ' successful by xpath via value: .//*[@id='app']/div/div[3]/div/div[2]/div[2]/div[2]/div/form/div[1]/div/div/input 
2018-01-03 14:29:14,148 - BasePage - INFO - Had type ' 财务部111 ' in inputBox
2018-01-03 14:29:14,178 - BasePage - INFO - Had find the element '  ' successful by xpath via value: .//*[@id='app']/div/div[3]/div/div[2]/div[2]/div[2]/div/form/div[3]/div/div/div[2]/input 
2018-01-03 14:29:14,418 - BasePage - INFO - The element '  ' was clicked.
2018-01-03 14:29:51,148 - BasePage - INFO - Had take screenshot and save to folder: /screenshots
