2018-01-03 13:56:50,085 - BrowserEngine - INFO - You had select Firefox browser.
2018-01-03 13:56:50,085 - BrowserEngine - INFO - The test server url is: http://localhost:8090/#/login?ehr
2018-01-03 13:56:54,270 - BrowserEngine - INFO - Starting firefox browser.
2018-01-03 13:56:54,871 - BrowserEngine - INFO - Open url: http://localhost:8090/#/login?ehr
2018-01-03 13:56:54,891 - BrowserEngine - INFO - Maximize the current window
2018-01-03 13:56:54,901 - BrowserEngine - INFO - Set implicitly wait 10 seconds.
2018-01-03 13:56:54,950 - BasePage - INFO - Had find the element '  ' successful by xpath via value: .//*[@id='app']/div/div[2]/form/div[1]/div/div[1]/input 
2018-01-03 13:56:55,000 - BasePage - INFO - Had type ' liliuyang ' in inputBox
2018-01-03 13:56:55,020 - BasePage - INFO - Had find the element '  ' successful by xpath via value: .//*[@id='app']/div/div[2]/form/div[2]/div/div[1]/input 
2018-01-03 13:56:55,051 - BasePage - INFO - Had type ' 888888 ' in inputBox
2018-01-03 13:56:55,071 - BasePage - INFO - Had find the element ' 登 录 ' successful by xpath via value: .//*[@id='app']/div/div[2]/form/div[3]/button 
2018-01-03 13:56:55,321 - BasePage - INFO - The element ' 登 录 ' was clicked.
2018-01-03 13:56:59,490 - BasePage - INFO - Had find the element ' 人员组织管理 ' successful by xpath via value: .//*[@id='app']/div/div[2]/ul/li[3]/div 
2018-01-03 13:57:00,121 - BasePage - INFO - The element ' 人员组织管理 ' was clicked.
2018-01-03 13:57:00,190 - BasePage - INFO - Had find the element ' 组织架构 ' successful by xpath via value: .//*[@id='app']/div/div[2]/ul/li[3]/ul/li[3] 
2018-01-03 13:57:00,881 - BasePage - INFO - The element ' 组织架构 ' was clicked.
2018-01-03 13:57:00,891 - BasePage - INFO - Had find the element ' 国盛天丰 ' successful by xpath via value: .//*[@id='tab-GS'] 
2018-01-03 13:57:01,161 - BasePage - INFO - The element ' 国盛天丰 ' was clicked.
2018-01-03 13:57:01,200 - BasePage - INFO - Had find the element ' 财务部 ' successful by xpath via value: .//*[@id='pane-GS']/div/div[1]/div/span[2]/span[1]/span 
2018-01-03 13:57:01,440 - BasePage - INFO - The element ' 财务部 ' was clicked.
2018-01-03 13:57:01,460 - BasePage - INFO - Had find the element '  ' successful by xpath via value: .//*[@id='pane-GS']/div/div[1]/div/span[2]/span[2]/i 
2018-01-03 13:57:01,700 - BasePage - INFO - The element '  ' was clicked.
2018-01-03 13:57:01,720 - BasePage - INFO - Had find the element '  ' successful by xpath via value: .//*[@id='app']/div/div[3]/div/div[2]/div[2]/div[2]/div/form/div[1]/div/div/input 
2018-01-03 13:57:01,740 - BasePage - INFO - Had type ' 财务部111 ' in inputBox
2018-01-03 13:57:01,770 - BasePage - INFO - Had find the element '  ' successful by xpath via value: .//*[@id='app']/div/div[3]/div/div[2]/div[2]/div[2]/div/form/div[2]/div/div/div[1]/input 
2018-01-03 13:57:02,030 - BasePage - INFO - The element '  ' was clicked.
