2018-01-03 14:45:15,213 - BrowserEngine - INFO - You had select Firefox browser.
2018-01-03 14:45:15,223 - BrowserEngine - INFO - The test server url is: http://localhost:8090/#/login?ehr
2018-01-03 14:45:19,697 - BrowserEngine - INFO - Starting firefox browser.
2018-01-03 14:45:20,336 - BrowserEngine - INFO - Open url: http://localhost:8090/#/login?ehr
2018-01-03 14:45:20,397 - BrowserEngine - INFO - Maximize the current window
2018-01-03 14:45:20,407 - BrowserEngine - INFO - Set implicitly wait 10 seconds.
2018-01-03 14:45:20,437 - BasePage - INFO - Had find the element '  ' successful by xpath via value: .//*[@id='app']/div/div[2]/form/div[1]/div/div[1]/input 
2018-01-03 14:45:20,496 - BasePage - INFO - Had type ' liliuyang ' in inputBox
2018-01-03 14:45:20,526 - BasePage - INFO - Had find the element '  ' successful by xpath via value: .//*[@id='app']/div/div[2]/form/div[2]/div/div[1]/input 
2018-01-03 14:45:20,566 - BasePage - INFO - Had type ' 888888 ' in inputBox
2018-01-03 14:45:20,586 - BasePage - INFO - Had find the element ' 登 录 ' successful by xpath via value: .//*[@id='app']/div/div[2]/form/div[3]/button 
2018-01-03 14:45:20,836 - BasePage - INFO - The element ' 登 录 ' was clicked.
2018-01-03 14:45:27,808 - BasePage - INFO - Had find the element ' 人员组织管理 ' successful by xpath via value: .//*[@id='app']/div/div[2]/ul/li[3]/div 
2018-01-03 14:45:28,058 - BasePage - INFO - The element ' 人员组织管理 ' was clicked.
2018-01-03 14:45:28,098 - BasePage - INFO - Had find the element ' 组织架构 ' successful by xpath via value: .//*[@id='app']/div/div[2]/ul/li[3]/ul/li[3] 
2018-01-03 14:45:29,049 - BasePage - INFO - The element ' 组织架构 ' was clicked.
2018-01-03 14:45:29,473 - BasePage - INFO - Had find the element '  ' successful by xpath via value: .//*[@id='tab-GS'] 
2018-01-03 14:45:29,720 - BasePage - INFO - The element ' 国盛天丰 ' was clicked.
2018-01-03 14:45:29,733 - BasePage - INFO - Had find the element ' 财务部 ' successful by xpath via value: .//*[@id='pane-GS']/div/div[1]/div/span[2]/span[1]/span 
2018-01-03 14:45:29,957 - BasePage - INFO - The element ' 财务部 ' was clicked.
2018-01-03 14:45:29,970 - BasePage - INFO - Had find the element '  ' successful by xpath via value: .//*[@id='pane-GS']/div/div[1]/div/span[2]/span[2]/i 
2018-01-03 14:45:30,201 - BasePage - INFO - The element '  ' was clicked.
2018-01-03 14:45:30,220 - BasePage - INFO - Had find the element '  ' successful by xpath via value: .//*[@id='app']/div/div[3]/div/div[2]/div[2]/div[2]/div/form/div[1]/div/div/input 
2018-01-03 14:45:30,269 - BasePage - INFO - Had type ' 财务部111 ' in inputBox
2018-01-03 14:45:30,301 - BasePage - INFO - Had find the element '  ' successful by xpath via value: .//*[@id='app']/div/div[3]/div/div[2]/div[2]/div[2]/div/form/div[3]/div/div/div[2]/input 
2018-01-03 14:45:30,549 - BasePage - INFO - The element '  ' was clicked.
2018-01-03 14:45:40,650 - BasePage - INFO - Had take screenshot and save to folder: /screenshots
