2018-01-17 10:03:12,288 - BrowserEngine - INFO - You had select Firefox browser.
2018-01-17 10:03:12,288 - BrowserEngine - INFO - The test server url is: http://ehrtest.source3g.com/auth//#/login?ehr
2018-01-17 10:03:16,468 - BrowserEngine - INFO - Starting firefox browser.
2018-01-17 10:03:21,665 - BrowserEngine - INFO - Open url: http://ehrtest.source3g.com/auth//#/login?ehr
2018-01-17 10:03:21,688 - BrowserEngine - INFO - Maximize the current window
2018-01-17 10:03:21,695 - BrowserEngine - INFO - Set implicitly wait 10 seconds.
2018-01-17 10:03:21,734 - BasePage - INFO - Had find the element '  ' successful by xpath via value: .//*[@id='app']/div/div[2]/form/div[1]/div/div[1]/input 
2018-01-17 10:03:21,734 - BasePage - INFO - Had find the element '  ' successful by xpath via value: .//*[@id='app']/div/div[2]/form/div[1]/div/div[1]/input 
2018-01-17 10:03:21,774 - BasePage - INFO - Had type ' liliuyang ' in inputBox
2018-01-17 10:03:21,774 - BasePage - INFO - Had type ' liliuyang ' in inputBox
2018-01-17 10:03:21,814 - BasePage - INFO - Had find the element '  ' successful by xpath via value: .//*[@id='app']/div/div[2]/form/div[2]/div/div[1]/input 
2018-01-17 10:03:21,814 - BasePage - INFO - Had find the element '  ' successful by xpath via value: .//*[@id='app']/div/div[2]/form/div[2]/div/div[1]/input 
2018-01-17 10:03:21,876 - BasePage - INFO - Had type ' 888888 ' in inputBox
2018-01-17 10:03:21,876 - BasePage - INFO - Had type ' 888888 ' in inputBox
2018-01-17 10:03:21,894 - BasePage - INFO - Had find the element ' 登 录 ' successful by xpath via value: .//*[@id='app']/div/div[2]/form/div[3]/button 
2018-01-17 10:03:21,894 - BasePage - INFO - Had find the element ' 登 录 ' successful by xpath via value: .//*[@id='app']/div/div[2]/form/div[3]/button 
2018-01-17 10:03:22,127 - BasePage - INFO - The element ' 登 录 ' was clicked.
2018-01-17 10:03:22,127 - BasePage - INFO - The element ' 登 录 ' was clicked.
2018-01-17 10:04:01,397 - BasePage - INFO - Had find the element ' 人员组织管理 ' successful by xpath via value: .//*[@id='app']/div/div[2]/ul/li[4]/div 
2018-01-17 10:04:01,397 - BasePage - INFO - Had find the element ' 人员组织管理 ' successful by xpath via value: .//*[@id='app']/div/div[2]/ul/li[4]/div 
2018-01-17 10:04:03,452 - BasePage - INFO - The element ' 人员组织管理 ' was clicked.
2018-01-17 10:04:03,452 - BasePage - INFO - The element ' 人员组织管理 ' was clicked.
2018-01-17 10:04:13,762 - BasePage - INFO - Had find the element ' 花名册导入 ' successful by xpath via value: .//*[@id='app']/div/div[2]/ul/li[4]/ul/li[1] 
2018-01-17 10:04:13,762 - BasePage - INFO - Had find the element ' 花名册导入 ' successful by xpath via value: .//*[@id='app']/div/div[2]/ul/li[4]/ul/li[1] 
2018-01-17 10:04:14,230 - BasePage - INFO - The element ' 花名册导入 ' was clicked.
2018-01-17 10:04:14,230 - BasePage - INFO - The element ' 花名册导入 ' was clicked.
2018-01-17 10:04:20,831 - BasePage - INFO - Had find the element ' 点击 ' successful by xpath via value: .//*[@id='app']/div/div[3]/div/div[2]/div[2]/a 
2018-01-17 10:04:20,831 - BasePage - INFO - Had find the element ' 点击 ' successful by xpath via value: .//*[@id='app']/div/div[3]/div/div[2]/div[2]/a 
2018-01-17 10:04:26,786 - BasePage - INFO - The element ' 点击 ' was clicked.
2018-01-17 10:04:26,786 - BasePage - INFO - The element ' 点击 ' was clicked.
