2018-01-08 11:08:54,246 - BrowserEngine - INFO - You had select Firefox browser.
2018-01-08 11:08:54,246 - BrowserEngine - INFO - The test server url is: http://localhost:8090/#/login?ehr
2018-01-08 11:08:58,440 - BrowserEngine - INFO - Starting firefox browser.
2018-01-08 11:08:59,080 - BrowserEngine - INFO - Open url: http://localhost:8090/#/login?ehr
2018-01-08 11:08:59,110 - BrowserEngine - INFO - Maximize the current window
2018-01-08 11:08:59,114 - BrowserEngine - INFO - Set implicitly wait 10 seconds.
2018-01-08 11:08:59,164 - BasePage - INFO - Had find the element '  ' successful by xpath via value: .//*[@id='app']/div/div[2]/form/div[1]/div/div[1]/input 
2018-01-08 11:08:59,164 - BasePage - INFO - Had find the element '  ' successful by xpath via value: .//*[@id='app']/div/div[2]/form/div[1]/div/div[1]/input 
2018-01-08 11:08:59,206 - BasePage - INFO - Had type ' liliuyang ' in inputBox
2018-01-08 11:08:59,206 - BasePage - INFO - Had type ' liliuyang ' in inputBox
2018-01-08 11:08:59,227 - BasePage - INFO - Had find the element '  ' successful by xpath via value: .//*[@id='app']/div/div[2]/form/div[2]/div/div[1]/input 
2018-01-08 11:08:59,227 - BasePage - INFO - Had find the element '  ' successful by xpath via value: .//*[@id='app']/div/div[2]/form/div[2]/div/div[1]/input 
2018-01-08 11:08:59,259 - BasePage - INFO - Had type ' 888888 ' in inputBox
2018-01-08 11:08:59,259 - BasePage - INFO - Had type ' 888888 ' in inputBox
2018-01-08 11:08:59,279 - BasePage - INFO - Had find the element ' 登 录 ' successful by xpath via value: .//*[@id='app']/div/div[2]/form/div[3]/button 
2018-01-08 11:08:59,279 - BasePage - INFO - Had find the element ' 登 录 ' successful by xpath via value: .//*[@id='app']/div/div[2]/form/div[3]/button 
2018-01-08 11:08:59,548 - BasePage - INFO - The element ' 登 录 ' was clicked.
2018-01-08 11:08:59,548 - BasePage - INFO - The element ' 登 录 ' was clicked.
2018-01-08 11:09:02,176 - BasePage - INFO - Had find the element ' 人员组织管理 ' successful by xpath via value: .//*[@id='app']/div/div[2]/ul/li[4]/div 
2018-01-08 11:09:02,176 - BasePage - INFO - Had find the element ' 人员组织管理 ' successful by xpath via value: .//*[@id='app']/div/div[2]/ul/li[4]/div 
2018-01-08 11:09:02,423 - BasePage - INFO - The element ' 人员组织管理 ' was clicked.
2018-01-08 11:09:02,423 - BasePage - INFO - The element ' 人员组织管理 ' was clicked.
2018-01-08 11:09:02,436 - BasePage - INFO - Had find the element ' 花名册导入 ' successful by xpath via value: .//*[@id='app']/div/div[2]/ul/li[4]/ul/li[1] 
2018-01-08 11:09:02,436 - BasePage - INFO - Had find the element ' 花名册导入 ' successful by xpath via value: .//*[@id='app']/div/div[2]/ul/li[4]/ul/li[1] 
2018-01-08 11:09:03,575 - BasePage - INFO - The element ' 花名册导入 ' was clicked.
2018-01-08 11:09:03,575 - BasePage - INFO - The element ' 花名册导入 ' was clicked.
2018-01-08 11:09:03,604 - BasePage - INFO - Had find the element ' 点击 ' successful by xpath via value: .//*[@id='app']/div/div[3]/div/div[2]/div[2]/a 
2018-01-08 11:09:03,604 - BasePage - INFO - Had find the element ' 点击 ' successful by xpath via value: .//*[@id='app']/div/div[3]/div/div[2]/div[2]/a 
2018-01-08 11:09:08,841 - BasePage - INFO - The element ' 点击 ' was clicked.
2018-01-08 11:09:08,841 - BasePage - INFO - The element ' 点击 ' was clicked.
2018-01-08 11:09:08,853 - BasePage - INFO - table.row_values()
2018-01-08 11:09:08,853 - BasePage - INFO - table.row_values()
2018-01-08 11:09:08,853 - BasePage - INFO - table.row_values()
2018-01-08 11:09:08,853 - BasePage - INFO - table.row_values()
2018-01-08 11:09:08,853 - BasePage - INFO - table.row_values()
2018-01-08 11:09:08,853 - BasePage - INFO - table.row_values()
2018-01-08 11:09:08,854 - BasePage - INFO - table.row_values()
2018-01-08 11:09:08,854 - BasePage - INFO - table.row_values()
