2018-01-17 10:08:23,198 - BrowserEngine - INFO - You had select Firefox browser.
2018-01-17 10:08:23,198 - BrowserEngine - INFO - The test server url is: http://ehrtest.source3g.com/auth//#/login?ehr
2018-01-17 10:08:27,459 - BrowserEngine - INFO - Starting firefox browser.
2018-01-17 10:08:32,144 - BrowserEngine - INFO - Open url: http://ehrtest.source3g.com/auth//#/login?ehr
2018-01-17 10:08:32,176 - BrowserEngine - INFO - Maximize the current window
2018-01-17 10:08:32,180 - BrowserEngine - INFO - Set implicitly wait 10 seconds.
2018-01-17 10:08:32,219 - BasePage - INFO - Had find the element '  ' successful by xpath via value: .//*[@id='app']/div/div[2]/form/div[1]/div/div[1]/input 
2018-01-17 10:08:32,219 - BasePage - INFO - Had find the element '  ' successful by xpath via value: .//*[@id='app']/div/div[2]/form/div[1]/div/div[1]/input 
2018-01-17 10:08:32,264 - BasePage - INFO - Had type ' liliuyang ' in inputBox
2018-01-17 10:08:32,264 - BasePage - INFO - Had type ' liliuyang ' in inputBox
2018-01-17 10:08:32,287 - BasePage - INFO - Had find the element '  ' successful by xpath via value: .//*[@id='app']/div/div[2]/form/div[2]/div/div[1]/input 
2018-01-17 10:08:32,287 - BasePage - INFO - Had find the element '  ' successful by xpath via value: .//*[@id='app']/div/div[2]/form/div[2]/div/div[1]/input 
2018-01-17 10:08:32,325 - BasePage - INFO - Had type ' 888888 ' in inputBox
2018-01-17 10:08:32,325 - BasePage - INFO - Had type ' 888888 ' in inputBox
2018-01-17 10:08:32,344 - BasePage - INFO - Had find the element ' 登 录 ' successful by xpath via value: .//*[@id='app']/div/div[2]/form/div[3]/button 
2018-01-17 10:08:32,344 - BasePage - INFO - Had find the element ' 登 录 ' successful by xpath via value: .//*[@id='app']/div/div[2]/form/div[3]/button 
2018-01-17 10:08:51,802 - BrowserEngine - INFO - You had select Firefox browser.
2018-01-17 10:08:51,803 - BrowserEngine - INFO - The test server url is: http://ehrtest.source3g.com/auth//#/login?ehr
2018-01-17 10:08:56,083 - BrowserEngine - INFO - Starting firefox browser.
2018-01-17 10:09:02,720 - BrowserEngine - INFO - Open url: http://ehrtest.source3g.com/auth//#/login?ehr
2018-01-17 10:09:02,755 - BrowserEngine - INFO - Maximize the current window
2018-01-17 10:09:02,761 - BrowserEngine - INFO - Set implicitly wait 10 seconds.
2018-01-17 10:09:02,818 - BasePage - INFO - Had find the element '  ' successful by xpath via value: .//*[@id='app']/div/div[2]/form/div[1]/div/div[1]/input 
2018-01-17 10:09:02,818 - BasePage - INFO - Had find the element '  ' successful by xpath via value: .//*[@id='app']/div/div[2]/form/div[1]/div/div[1]/input 
2018-01-17 10:09:02,865 - BasePage - INFO - Had type ' liliuyang ' in inputBox
2018-01-17 10:09:02,865 - BasePage - INFO - Had type ' liliuyang ' in inputBox
2018-01-17 10:09:02,891 - BasePage - INFO - Had find the element '  ' successful by xpath via value: .//*[@id='app']/div/div[2]/form/div[2]/div/div[1]/input 
2018-01-17 10:09:02,891 - BasePage - INFO - Had find the element '  ' successful by xpath via value: .//*[@id='app']/div/div[2]/form/div[2]/div/div[1]/input 
2018-01-17 10:09:02,922 - BasePage - INFO - Had type ' 888888 ' in inputBox
2018-01-17 10:09:02,922 - BasePage - INFO - Had type ' 888888 ' in inputBox
2018-01-17 10:09:02,955 - BasePage - INFO - Had find the element ' 登 录 ' successful by xpath via value: .//*[@id='app']/div/div[2]/form/div[3]/button 
2018-01-17 10:09:02,955 - BasePage - INFO - Had find the element ' 登 录 ' successful by xpath via value: .//*[@id='app']/div/div[2]/form/div[3]/button 
2018-01-17 10:09:03,190 - BasePage - INFO - The element ' 登 录 ' was clicked.
2018-01-17 10:09:03,190 - BasePage - INFO - The element ' 登 录 ' was clicked.
2018-01-17 10:09:08,506 - BasePage - INFO - Had find the element ' 人员组织管理 ' successful by xpath via value: .//*[@id='app']/div/div[2]/ul/li[4]/div 
2018-01-17 10:09:08,506 - BasePage - INFO - Had find the element ' 人员组织管理 ' successful by xpath via value: .//*[@id='app']/div/div[2]/ul/li[4]/div 
2018-01-17 10:09:08,830 - BasePage - INFO - The element ' 人员组织管理 ' was clicked.
2018-01-17 10:09:08,830 - BasePage - INFO - The element ' 人员组织管理 ' was clicked.
2018-01-17 10:09:12,087 - BasePage - INFO - Had find the element ' 花名册导入 ' successful by xpath via value: .//*[@id='app']/div/div[2]/ul/li[4]/ul/li[1] 
2018-01-17 10:09:12,087 - BasePage - INFO - Had find the element ' 花名册导入 ' successful by xpath via value: .//*[@id='app']/div/div[2]/ul/li[4]/ul/li[1] 
2018-01-17 10:09:12,944 - BasePage - INFO - The element ' 花名册导入 ' was clicked.
2018-01-17 10:09:12,944 - BasePage - INFO - The element ' 花名册导入 ' was clicked.
