2018-01-17 11:29:10,344 - BrowserEngine - INFO - You had select Firefox browser.
2018-01-17 11:29:10,345 - BrowserEngine - INFO - The test server url is: http://ehrtest.source3g.com/auth//#/login?ehr
2018-01-17 11:29:14,517 - BrowserEngine - INFO - Starting firefox browser.
2018-01-17 11:29:19,381 - BrowserEngine - INFO - Open url: http://ehrtest.source3g.com/auth//#/login?ehr
2018-01-17 11:29:19,407 - BrowserEngine - INFO - Maximize the current window
2018-01-17 11:29:19,412 - BrowserEngine - INFO - Set implicitly wait 10 seconds.
2018-01-17 11:29:23,619 - BasePage - INFO - Had find the element '  ' successful by xpath via value: .//*[@id='app']/div/div[2]/form/div[1]/div/div[1]/input 
2018-01-17 11:29:23,619 - BasePage - INFO - Had find the element '  ' successful by xpath via value: .//*[@id='app']/div/div[2]/form/div[1]/div/div[1]/input 
2018-01-17 11:29:23,662 - BasePage - INFO - Had type ' liliuyang ' in inputBox
2018-01-17 11:29:23,662 - BasePage - INFO - Had type ' liliuyang ' in inputBox
2018-01-17 11:29:23,687 - BasePage - INFO - Had find the element '  ' successful by xpath via value: .//*[@id='app']/div/div[2]/form/div[2]/div/div[1]/input 
2018-01-17 11:29:23,687 - BasePage - INFO - Had find the element '  ' successful by xpath via value: .//*[@id='app']/div/div[2]/form/div[2]/div/div[1]/input 
2018-01-17 11:29:23,713 - BasePage - INFO - Had type ' 888888 ' in inputBox
2018-01-17 11:29:23,713 - BasePage - INFO - Had type ' 888888 ' in inputBox
2018-01-17 11:29:23,749 - BasePage - INFO - Had find the element ' 登 录 ' successful by xpath via value: .//*[@id='app']/div/div[2]/form/div[3]/button 
2018-01-17 11:29:23,749 - BasePage - INFO - Had find the element ' 登 录 ' successful by xpath via value: .//*[@id='app']/div/div[2]/form/div[3]/button 
2018-01-17 11:29:24,007 - BasePage - INFO - The element ' 登 录 ' was clicked.
2018-01-17 11:29:24,007 - BasePage - INFO - The element ' 登 录 ' was clicked.
2018-01-17 11:29:34,864 - BasePage - INFO - Had find the element ' 人员组织管理 ' successful by xpath via value: .//*[@id='app']/div/div[2]/ul/li[4]/div 
2018-01-17 11:29:34,864 - BasePage - INFO - Had find the element ' 人员组织管理 ' successful by xpath via value: .//*[@id='app']/div/div[2]/ul/li[4]/div 
2018-01-17 11:29:35,100 - BasePage - INFO - The element ' 人员组织管理 ' was clicked.
2018-01-17 11:29:35,100 - BasePage - INFO - The element ' 人员组织管理 ' was clicked.
2018-01-17 11:29:36,456 - BasePage - INFO - Had find the element ' 花名册导入 ' successful by xpath via value: .//*[@id='app']/div/div[2]/ul/li[4]/ul/li[1] 
2018-01-17 11:29:36,456 - BasePage - INFO - Had find the element ' 花名册导入 ' successful by xpath via value: .//*[@id='app']/div/div[2]/ul/li[4]/ul/li[1] 
2018-01-17 11:29:36,959 - BasePage - INFO - The element ' 花名册导入 ' was clicked.
2018-01-17 11:29:36,959 - BasePage - INFO - The element ' 花名册导入 ' was clicked.
2018-01-17 11:29:47,603 - BasePage - INFO - Had find the element ' 点击 ' successful by xpath via value: .//*[@id='app']/div/div[3]/div/div[2]/div[2]/a 
2018-01-17 11:29:47,603 - BasePage - INFO - Had find the element ' 点击 ' successful by xpath via value: .//*[@id='app']/div/div[3]/div/div[2]/div[2]/a 
2018-01-17 11:29:52,848 - BasePage - INFO - The element ' 点击 ' was clicked.
2018-01-17 11:29:52,848 - BasePage - INFO - The element ' 点击 ' was clicked.
